{"meta": {"format": 3, "version": "7.13.4", "timestamp": "2026-02-13T17:58:38.489527", "branch_coverage": false, "show_contexts": false}, "files": {"src/multi_tracker/__init__.py": {"executed_lines": [19, 20, 21, 23, 25, 26, 27, 29], "summary": {"covered_lines": 8, "num_statements": 10, "percent_covered": 80.0, "percent_covered_display": "80", "missing_lines": 2, "excluded_lines": 0, "percent_statements_covered": 80.0, "percent_statements_covered_display": "80"}, "missing_lines": [36, 38], "excluded_lines": [], "functions": {"": {"executed_lines": [19, 20, 21, 23, 25, 26, 27, 29], "summary": {"covered_lines": 8, "num_statements": 10, "percent_covered": 80.0, "percent_covered_display": "80", "missing_lines": 2, "excluded_lines": 0, "percent_statements_covered": 80.0, "percent_statements_covered_display": "80"}, "missing_lines": [36, 38], "excluded_lines": [], "start_line": 1}}, "classes": {"": {"executed_lines": [19, 20, 21, 23, 25, 26, 27, 29], "summary": {"covered_lines": 8, "num_statements": 10, "percent_covered": 80.0, "percent_covered_display": "80", "missing_lines": 2, "excluded_lines": 0, "percent_statements_covered": 80.0, "percent_statements_covered_display": "80"}, "missing_lines": [36, 38], "excluded_lines": [], "start_line": 1}}}, "src/multi_tracker/app/__init__.py": {"executed_lines": [3, 5], "summary": {"covered_lines": 2, "num_statements": 2, "percent_covered": 100.0, "percent_covered_display": "100", "missing_lines": 0, "excluded_lines": 0, "percent_statements_covered": 100.0, "percent_statements_covered_display": "100"}, "missing_lines": [], "excluded_lines": [], "functions": {"": {"executed_lines": [3, 5], "summary": {"covered_lines": 2, "num_statements": 2, "percent_covered": 100.0, "percent_covered_display": "100", "missing_lines": 0, "excluded_lines": 0, "percent_statements_covered": 100.0, "percent_statements_covered_display": "100"}, "missing_lines": [], "excluded_lines": [], "start_line": 1}}, "classes": {"": {"executed_lines": [3, 5], "summary": {"covered_lines": 2, "num_statements": 2, "percent_covered": 100.0, "percent_covered_display": "100", "missing_lines": 0, "excluded_lines": 0, "percent_statements_covered": 100.0, "percent_statements_covered_display": "100"}, "missing_lines": [], "excluded_lines": [], "start_line": 1}}}, "src/multi_tracker/app/launcher.py": {"executed_lines": [9, 10, 11, 12, 13, 16, 20, 49, 86, 116], "summary": {"covered_lines": 10, "num_statements": 94, "percent_covered": 10.638297872340425, "percent_covered_display": "11", "missing_lines": 84, "excluded_lines": 2, "percent_statements_covered": 10.638297872340425, "percent_statements_covered_display": "11"}, "missing_lines": [32, 35, 43, 44, 45, 46, 51, 62, 69, 73, 79, 83, 88, 96, 97, 98, 99, 100, 101, 103, 104, 105, 106, 107, 108, 109, 110, 111, 113, 124, 127, 128, 134, 137, 138, 140, 142, 143, 144, 145, 146, 147, 148, 149, 152, 153, 156, 159, 160, 161, 162, 163, 164, 167, 168, 170, 171, 172, 175, 176, 177, 178, 179, 180, 183, 184, 185, 187, 188, 189, 190, 192, 195, 196, 197, 199, 200, 201, 202, 205, 207, 208, 209, 210], "excluded_lines": [213, 214], "functions": {"setup_logging": {"executed_lines": [], "summary": {"covered_lines": 0, "num_statements": 6, "percent_covered": 0.0, "percent_covered_display": "0", "missing_lines": 6, "excluded_lines": 0, "percent_statements_covered": 0.0, "percent_statements_covered_display": "0"}, "missing_lines": [32, 35, 43, 44, 45, 46], "excluded_lines": [], "start_line": 20}, "parse_arguments": {"executed_lines": [], "summary": {"covered_lines": 0, "num_statements": 6, "percent_covered": 0.0, "percent_covered_display": "0", "missing_lines": 6, "excluded_lines": 0, "percent_statements_covered": 0.0, "percent_statements_covered_display": "0"}, "missing_lines": [51, 62, 69, 73, 79, 83], "excluded_lines": [], "start_line": 49}, "check_dependencies": {"executed_lines": [], "summary": {"covered_lines": 0, "num_statements": 17, "percent_covered": 0.0, "percent_covered_display": "0", "missing_lines": 17, "excluded_lines": 0, "percent_statements_covered": 0.0, "percent_statements_covered_display": "0"}, "missing_lines": [88, 96, 97, 98, 99, 100, 101, 103, 104, 105, 106, 107, 108, 109, 110, 111, 113], "excluded_lines": [], "start_line": 86}, "main": {"executed_lines": [], "summary": {"covered_lines": 0, "num_statements": 55, "percent_covered": 0.0, "percent_covered_display": "0", "missing_lines": 55, "excluded_lines": 0, "percent_statements_covered": 0.0, "percent_statements_covered_display": "0"}, "missing_lines": [124, 127, 128, 134, 137, 138, 140, 142, 143, 144, 145, 146, 147, 148, 149, 152, 153, 156, 159, 160, 161, 162, 163, 164, 167, 168, 170, 171, 172, 175, 176, 177, 178, 179, 180, 183, 184, 185, 187, 188, 189, 190, 192, 195, 196, 197, 199, 200, 201, 202, 205, 207, 208, 209, 210], "excluded_lines": [], "start_line": 116}, "": {"executed_lines": [9, 10, 11, 12, 13, 16, 20, 49, 86, 116], "summary": {"covered_lines": 10, "num_statements": 10, "percent_covered": 100.0, "percent_covered_display": "100", "missing_lines": 0, "excluded_lines": 2, "percent_statements_covered": 100.0, "percent_statements_covered_display": "100"}, "missing_lines": [], "excluded_lines": [213, 214], "start_line": 1}}, "classes": {"": {"executed_lines": [9, 10, 11, 12, 13, 16, 20, 49, 86, 116], "summary": {"covered_lines": 10, "num_statements": 94, "percent_covered": 10.638297872340425, "percent_covered_display": "11", "missing_lines": 84, "excluded_lines": 2, "percent_statements_covered": 10.638297872340425, "percent_statements_covered_display": "11"}, "missing_lines": [32, 35, 43, 44, 45, 46, 51, 62, 69, 73, 79, 83, 88, 96, 97, 98, 99, 100, 101, 103, 104, 105, 106, 107, 108, 109, 110, 111, 113, 124, 127, 128, 134, 137, 138, 140, 142, 143, 144, 145, 146, 147, 148, 149, 152, 153, 156, 159, 160, 161, 162, 163, 164, 167, 168, 170, 171, 172, 175, 176, 177, 178, 179, 180, 183, 184, 185, 187, 188, 189, 190, 192, 195, 196, 197, 199, 200, 201, 202, 205, 207, 208, 209, 210], "excluded_lines": [213, 214], "start_line": 1}}}, "src/multi_tracker/core/__init__.py": {"executed_lines": [9, 10, 11, 12, 13, 14, 20, 22], "summary": {"covered_lines": 8, "num_statements": 8, "percent_covered": 100.0, "percent_covered_display": "100", "missing_lines": 0, "excluded_lines": 0, "percent_statements_covered": 100.0, "percent_statements_covered_display": "100"}, "missing_lines": [], "excluded_lines": [], "functions": {"": {"executed_lines": [9, 10, 11, 12, 13, 14, 20, 22], "summary": {"covered_lines": 8, "num_statements": 8, "percent_covered": 100.0, "percent_covered_display": "100", "missing_lines": 0, "excluded_lines": 0, "percent_statements_covered": 100.0, "percent_statements_covered_display": "100"}, "missing_lines": [], "excluded_lines": [], "start_line": 1}}, "classes": {"": {"executed_lines": [9, 10, 11, 12, 13, 14, 20, 22], "summary": {"covered_lines": 8, "num_statements": 8, "percent_covered": 100.0, "percent_covered_display": "100", "missing_lines": 0, "excluded_lines": 0, "percent_statements_covered": 100.0, "percent_statements_covered_display": "100"}, "missing_lines": [], "excluded_lines": [], "start_line": 1}}}, "src/multi_tracker/core/assigners/__init__.py": {"executed_lines": [3, 5], "summary": {"covered_lines": 2, "num_statements": 2, "percent_covered": 100.0, "percent_covered_display": "100", "missing_lines": 0, "excluded_lines": 0, "percent_statements_covered": 100.0, "percent_statements_covered_display": "100"}, "missing_lines": [], "excluded_lines": [], "functions": {"": {"executed_lines": [3, 5], "summary": {"covered_lines": 2, "num_statements": 2, "percent_covered": 100.0, "percent_covered_display": "100", "missing_lines": 0, "excluded_lines": 0, "percent_statements_covered": 100.0, "percent_statements_covered_display": "100"}, "missing_lines": [], "excluded_lines": [], "start_line": 1}}, "classes": {"": {"executed_lines": [3, 5], "summary": {"covered_lines": 2, "num_statements": 2, "percent_covered": 100.0, "percent_covered_display": "100", "missing_lines": 0, "excluded_lines": 0, "percent_statements_covered": 100.0, "percent_statements_covered_display": "100"}, "missing_lines": [], "excluded_lines": [], "start_line": 1}}}, "src/multi_tracker/core/assigners/hungarian.py": {"executed_lines": [7, 8, 10, 11, 12, 14, 15, 17, 28, 31, 32, 91, 94, 95, 96, 97, 99, 111, 123, 124, 125, 129, 149, 152, 153, 154, 155, 157, 158, 161, 162, 163, 164, 165, 169, 170, 174, 197, 217, 219, 228, 245, 246, 249, 250, 251, 254, 259, 264, 266, 267, 270, 271, 287, 288, 289, 290, 291, 292, 295, 305, 306, 308, 309, 312, 320, 321, 322, 324, 325, 326, 327, 329, 330, 331, 332, 333, 334, 336, 339, 340, 341, 343], "summary": {"covered_lines": 83, "num_statements": 164, "percent_covered": 50.609756097560975, "percent_covered_display": "51", "missing_lines": 81, "excluded_lines": 0, "percent_statements_covered": 50.609756097560975, "percent_statements_covered_display": "51"}, "missing_lines": [18, 19, 21, 22, 23, 25, 52, 54, 57, 59, 60, 63, 65, 70, 73, 74, 75, 78, 79, 80, 83, 84, 86, 88, 101, 102, 103, 104, 105, 106, 107, 108, 109, 126, 134, 141, 142, 143, 146, 167, 175, 179, 194, 223, 224, 225, 226, 247, 273, 274, 275, 276, 277, 278, 279, 280, 281, 282, 283, 284, 296, 297, 298, 299, 300, 301, 302, 310, 337, 360, 361, 368, 369, 370, 371, 372, 378, 379, 380, 382, 388], "excluded_lines": [], "functions": {"_compute_cost_matrix_sota": {"executed_lines": [], "summary": {"covered_lines": 0, "num_statements": 18, "percent_covered": 0.0, "percent_covered_display": "0", "missing_lines": 18, "excluded_lines": 0, "percent_statements_covered": 0.0, "percent_statements_covered_display": "0"}, "missing_lines": [52, 54, 57, 59, 60, 63, 65, 70, 73, 74, 75, 78, 79, 80, 83, 84, 86, 88], "excluded_lines": [], "start_line": 32}, "TrackAssigner.__init__": {"executed_lines": [95, 96, 97], "summary": {"covered_lines": 3, "num_statements": 3, "percent_covered": 100.0, "percent_covered_display": "100", "missing_lines": 0, "excluded_lines": 0, "percent_statements_covered": 100.0, "percent_statements_covered_display": "100"}, "missing_lines": [], "excluded_lines": [], "start_line": 94}, "TrackAssigner._get_spatial_candidates": {"executed_lines": [], "summary": {"covered_lines": 0, "num_statements": 9, "percent_covered": 0.0, "percent_covered_display": "0", "missing_lines": 9, "excluded_lines": 0, "percent_statements_covered": 0.0, "percent_statements_covered_display": "0"}, "missing_lines": [101, 102, 103, 104, 105, 106, 107, 108, 109], "excluded_lines": [], "start_line": 99}, "TrackAssigner.compute_cost_matrix": {"executed_lines": [123, 124, 125, 129, 149, 152, 153, 154, 155, 157, 158, 161, 162, 163, 164, 165, 169, 170, 174, 197, 217], "summary": {"covered_lines": 21, "num_statements": 31, "percent_covered": 67.74193548387096, "percent_covered_display": "68", "missing_lines": 10, "excluded_lines": 0, "percent_statements_covered": 67.74193548387096, "percent_statements_covered_display": "68"}, "missing_lines": [126, 134, 141, 142, 143, 146, 167, 175, 179, 194], "excluded_lines": [], "start_line": 111}, "TrackAssigner.compute_assignment_confidence": {"executed_lines": [], "summary": {"covered_lines": 0, "num_statements": 4, "percent_covered": 0.0, "percent_covered_display": "0", "missing_lines": 4, "excluded_lines": 0, "percent_statements_covered": 0.0, "percent_statements_covered_display": "0"}, "missing_lines": [223, 224, 225, 226], "excluded_lines": [], "start_line": 219}, "TrackAssigner.assign_tracks": {"executed_lines": [245, 246, 249, 250, 251, 254, 259, 264, 266, 267, 270, 271, 287, 288, 289, 290, 291, 292, 295, 305, 306, 308, 309, 312, 320, 321, 322, 324, 325, 326, 327, 329, 330, 331, 332, 333, 334, 336, 339, 340, 341], "summary": {"covered_lines": 41, "num_statements": 63, "percent_covered": 65.07936507936508, "percent_covered_display": "65", "missing_lines": 22, "excluded_lines": 0, "percent_statements_covered": 65.07936507936508, "percent_statements_covered_display": "65"}, "missing_lines": [247, 273, 274, 275, 276, 277, 278, 279, 280, 281, 282, 283, 284, 296, 297, 298, 299, 300, 301, 302, 310, 337], "excluded_lines": [], "start_line": 228}, "TrackAssigner._compute_cost_python_fallback": {"executed_lines": [], "summary": {"covered_lines": 0, "num_statements": 12, "percent_covered": 0.0, "percent_covered_display": "0", "missing_lines": 12, "excluded_lines": 0, "percent_statements_covered": 0.0, "percent_statements_covered_display": "0"}, "missing_lines": [360, 361, 368, 369, 370, 371, 372, 378, 379, 380, 382, 388], "excluded_lines": [], "start_line": 343}, "": {"executed_lines": [7, 8, 10, 11, 12, 14, 15, 17, 28, 31, 32, 91, 94, 99, 111, 219, 228, 343], "summary": {"covered_lines": 18, "num_statements": 24, "percent_covered": 75.0, "percent_covered_display": "75", "missing_lines": 6, "excluded_lines": 0, "percent_statements_covered": 75.0, "percent_statements_covered_display": "75"}, "missing_lines": [18, 19, 21, 22, 23, 25], "excluded_lines": [], "start_line": 1}}, "classes": {"TrackAssigner": {"executed_lines": [95, 96, 97, 123, 124, 125, 129, 149, 152, 153, 154, 155, 157, 158, 161, 162, 163, 164, 165, 169, 170, 174, 197, 217, 245, 246, 249, 250, 251, 254, 259, 264, 266, 267, 270, 271, 287, 288, 289, 290, 291, 292, 295, 305, 306, 308, 309, 312, 320, 321, 322, 324, 325, 326, 327, 329, 330, 331, 332, 333, 334, 336, 339, 340, 341], "summary": {"covered_lines": 65, "num_statements": 122, "percent_covered": 53.278688524590166, "percent_covered_display": "53", "missing_lines": 57, "excluded_lines": 0, "percent_statements_covered": 53.278688524590166, "percent_statements_covered_display": "53"}, "missing_lines": [101, 102, 103, 104, 105, 106, 107, 108, 109, 126, 134, 141, 142, 143, 146, 167, 175, 179, 194, 223, 224, 225, 226, 247, 273, 274, 275, 276, 277, 278, 279, 280, 281, 282, 283, 284, 296, 297, 298, 299, 300, 301, 302, 310, 337, 360, 361, 368, 369, 370, 371, 372, 378, 379, 380, 382, 388], "excluded_lines": [], "start_line": 91}, "": {"executed_lines": [7, 8, 10, 11, 12, 14, 15, 17, 28, 31, 32, 91, 94, 99, 111, 219, 228, 343], "summary": {"covered_lines": 18, "num_statements": 42, "percent_covered": 42.857142857142854, "percent_covered_display": "43", "missing_lines": 24, "excluded_lines": 0, "percent_statements_covered": 42.857142857142854, "percent_statements_covered_display": "43"}, "missing_lines": [18, 19, 21, 22, 23, 25, 52, 54, 57, 59, 60, 63, 65, 70, 73, 74, 75, 78, 79, 80, 83, 84, 86, 88], "excluded_lines": [], "start_line": 1}}}, "src/multi_tracker/core/background/__init__.py": {"executed_lines": [3, 5], "summary": {"covered_lines": 2, "num_statements": 2, "percent_covered": 100.0, "percent_covered_display": "100", "missing_lines": 0, "excluded_lines": 0, "percent_statements_covered": 100.0, "percent_statements_covered_display": "100"}, "missing_lines": [], "excluded_lines": [], "functions": {"": {"executed_lines": [3, 5], "summary": {"covered_lines": 2, "num_statements": 2, "percent_covered": 100.0, "percent_covered_display": "100", "missing_lines": 0, "excluded_lines": 0, "percent_statements_covered": 100.0, "percent_statements_covered_display": "100"}, "missing_lines": [], "excluded_lines": [], "start_line": 1}}, "classes": {"": {"executed_lines": [3, 5], "summary": {"covered_lines": 2, "num_statements": 2, "percent_covered": 100.0, "percent_covered_display": "100", "missing_lines": 0, "excluded_lines": 0, "percent_statements_covered": 100.0, "percent_statements_covered_display": "100"}, "missing_lines": [], "excluded_lines": [], "start_line": 1}}}, "src/multi_tracker/core/background/model.py": {"executed_lines": [6, 7, 8, 10, 11, 13, 24, 27, 39, 42, 43, 59, 73, 117, 131, 187, 196, 197, 198, 199, 200, 203, 204, 205, 206, 207, 209, 214, 215, 216, 253, 359, 366, 367, 368, 369, 370, 373, 377, 381, 382, 384, 411, 438, 445, 449, 450, 454], "summary": {"covered_lines": 48, "num_statements": 249, "percent_covered": 19.27710843373494, "percent_covered_display": "19", "missing_lines": 201, "excluded_lines": 0, "percent_statements_covered": 19.27710843373494, "percent_statements_covered_display": "19"}, "missing_lines": [29, 30, 31, 33, 35, 36, 49, 50, 52, 53, 54, 56, 70, 84, 86, 87, 89, 92, 95, 96, 99, 100, 103, 104, 107, 108, 109, 110, 111, 112, 114, 128, 143, 145, 146, 148, 151, 152, 155, 156, 159, 163, 165, 168, 169, 172, 173, 174, 175, 176, 177, 182, 184, 218, 221, 222, 223, 224, 225, 226, 229, 230, 231, 234, 235, 236, 238, 239, 240, 241, 242, 243, 244, 247, 248, 258, 259, 260, 261, 263, 264, 265, 266, 268, 269, 270, 273, 274, 276, 277, 278, 279, 280, 287, 288, 298, 299, 300, 301, 302, 304, 305, 313, 314, 316, 317, 318, 319, 320, 321, 322, 324, 325, 326, 327, 328, 330, 331, 333, 335, 336, 337, 338, 340, 341, 342, 346, 347, 348, 354, 355, 386, 387, 388, 389, 390, 393, 394, 396, 397, 400, 401, 403, 404, 408, 413, 414, 415, 418, 421, 422, 423, 424, 427, 428, 430, 431, 435, 440, 452, 463, 465, 467, 468, 469, 470, 471, 472, 473, 474, 476, 477, 480, 484, 485, 488, 490, 491, 494, 497, 500, 501, 502, 503, 506, 507, 511, 513, 514, 516, 518, 520, 521, 522, 523, 525, 526, 527, 528, 531, 533], "excluded_lines": [], "functions": {"njit": {"executed_lines": [], "summary": {"covered_lines": 0, "num_statements": 2, "percent_covered": 0.0, "percent_covered_display": "0", "missing_lines": 2, "excluded_lines": 0, "percent_statements_covered": 0.0, "percent_statements_covered_display": "0"}, "missing_lines": [30, 33], "excluded_lines": [], "start_line": 29}, "njit.decorator": {"executed_lines": [], "summary": {"covered_lines": 0, "num_statements": 1, "percent_covered": 0.0, "percent_covered_display": "0", "missing_lines": 1, "excluded_lines": 0, "percent_statements_covered": 0.0, "percent_statements_covered_display": "0"}, "missing_lines": [31], "excluded_lines": [], "start_line": 30}, "prange": {"executed_lines": [], "summary": {"covered_lines": 0, "num_statements": 1, "percent_covered": 0.0, "percent_covered_display": "0", "missing_lines": 1, "excluded_lines": 0, "percent_statements_covered": 0.0, "percent_statements_covered_display": "0"}, "missing_lines": [36], "excluded_lines": [], "start_line": 35}, "_update_adaptive_background_numba": {"executed_lines": [], "summary": {"covered_lines": 0, "num_statements": 6, "percent_covered": 0.0, "percent_covered_display": "0", "missing_lines": 6, "excluded_lines": 0, "percent_statements_covered": 0.0, "percent_statements_covered_display": "0"}, "missing_lines": [49, 50, 52, 53, 54, 56], "excluded_lines": [], "start_line": 43}, "_update_adaptive_background_gpu": {"executed_lines": [], "summary": {"covered_lines": 0, "num_statements": 1, "percent_covered": 0.0, "percent_covered_display": "0", "missing_lines": 1, "excluded_lines": 0, "percent_statements_covered": 0.0, "percent_statements_covered_display": "0"}, "missing_lines": [70], "excluded_lines": [], "start_line": 59}, "_generate_foreground_mask_gpu": {"executed_lines": [], "summary": {"covered_lines": 0, "num_statements": 18, "percent_covered": 0.0, "percent_covered_display": "0", "missing_lines": 18, "excluded_lines": 0, "percent_statements_covered": 0.0, "percent_statements_covered_display": "0"}, "missing_lines": [84, 86, 87, 89, 92, 95, 96, 99, 100, 103, 104, 107, 108, 109, 110, 111, 112, 114], "excluded_lines": [], "start_line": 73}, "_update_adaptive_background_mps": {"executed_lines": [], "summary": {"covered_lines": 0, "num_statements": 1, "percent_covered": 0.0, "percent_covered_display": "0", "missing_lines": 1, "excluded_lines": 0, "percent_statements_covered": 0.0, "percent_statements_covered_display": "0"}, "missing_lines": [128], "excluded_lines": [], "start_line": 117}, "_generate_foreground_mask_mps": {"executed_lines": [], "summary": {"covered_lines": 0, "num_statements": 21, "percent_covered": 0.0, "percent_covered_display": "0", "missing_lines": 21, "excluded_lines": 0, "percent_statements_covered": 0.0, "percent_statements_covered_display": "0"}, "missing_lines": [143, 145, 146, 148, 151, 152, 155, 156, 159, 163, 165, 168, 169, 172, 173, 174, 175, 176, 177, 182, 184], "excluded_lines": [], "start_line": 131}, "BackgroundModel.__init__": {"executed_lines": [197, 198, 199, 200, 203, 204, 205, 206, 207], "summary": {"covered_lines": 9, "num_statements": 9, "percent_covered": 100.0, "percent_covered_display": "100", "missing_lines": 0, "excluded_lines": 0, "percent_statements_covered": 100.0, "percent_statements_covered_display": "100"}, "missing_lines": [], "excluded_lines": [], "start_line": 196}, "BackgroundModel._setup_gpu_acceleration": {"executed_lines": [214, 215, 216], "summary": {"covered_lines": 3, "num_statements": 25, "percent_covered": 12.0, "percent_covered_display": "12", "missing_lines": 22, "excluded_lines": 0, "percent_statements_covered": 12.0, "percent_statements_covered_display": "12"}, "missing_lines": [218, 221, 222, 223, 224, 225, 226, 229, 230, 231, 234, 235, 236, 238, 239, 240, 241, 242, 243, 244, 247, 248], "excluded_lines": [], "start_line": 209}, "BackgroundModel.prime_background": {"executed_lines": [], "summary": {"covered_lines": 0, "num_statements": 56, "percent_covered": 0.0, "percent_covered_display": "0", "missing_lines": 56, "excluded_lines": 0, "percent_statements_covered": 0.0, "percent_statements_covered_display": "0"}, "missing_lines": [258, 259, 260, 261, 263, 264, 265, 266, 268, 269, 270, 273, 274, 276, 277, 278, 279, 280, 287, 288, 298, 299, 300, 301, 302, 304, 305, 313, 314, 316, 317, 318, 319, 320, 321, 322, 324, 325, 326, 327, 328, 330, 331, 333, 335, 336, 337, 338, 340, 341, 342, 346, 347, 348, 354, 355], "excluded_lines": [], "start_line": 253}, "BackgroundModel.update_and_get_background": {"executed_lines": [366, 367, 368, 369, 370, 373, 377, 381, 382, 384, 411, 438, 445, 449, 450], "summary": {"covered_lines": 15, "num_statements": 44, "percent_covered": 34.09090909090909, "percent_covered_display": "34", "missing_lines": 29, "excluded_lines": 0, "percent_statements_covered": 34.09090909090909, "percent_statements_covered_display": "34"}, "missing_lines": [386, 387, 388, 389, 390, 393, 394, 396, 397, 400, 401, 403, 404, 408, 413, 414, 415, 418, 421, 422, 423, 424, 427, 428, 430, 431, 435, 440, 452], "excluded_lines": [], "start_line": 359}, "BackgroundModel.generate_foreground_mask": {"executed_lines": [], "summary": {"covered_lines": 0, "num_statements": 41, "percent_covered": 0.0, "percent_covered_display": "0", "missing_lines": 41, "excluded_lines": 0, "percent_statements_covered": 0.0, "percent_statements_covered_display": "0"}, "missing_lines": [463, 465, 467, 468, 469, 470, 471, 472, 473, 474, 476, 477, 480, 484, 485, 488, 490, 491, 494, 497, 500, 501, 502, 503, 506, 507, 511, 513, 514, 516, 518, 520, 521, 522, 523, 525, 526, 527, 528, 531, 533], "excluded_lines": [], "start_line": 454}, "": {"executed_lines": [6, 7, 8, 10, 11, 13, 24, 27, 39, 42, 43, 59, 73, 117, 131, 187, 196, 209, 253, 359, 454], "summary": {"covered_lines": 21, "num_statements": 23, "percent_covered": 91.30434782608695, "percent_covered_display": "91", "missing_lines": 2, "excluded_lines": 0, "percent_statements_covered": 91.30434782608695, "percent_statements_covered_display": "91"}, "missing_lines": [29, 35], "excluded_lines": [], "start_line": 1}}, "classes": {"BackgroundModel": {"executed_lines": [197, 198, 199, 200, 203, 204, 205, 206, 207, 214, 215, 216, 366, 367, 368, 369, 370, 373, 377, 381, 382, 384, 411, 438, 445, 449, 450], "summary": {"covered_lines": 27, "num_statements": 175, "percent_covered": 15.428571428571429, "percent_covered_display": "15", "missing_lines": 148, "excluded_lines": 0, "percent_statements_covered": 15.428571428571429, "percent_statements_covered_display": "15"}, "missing_lines": [218, 221, 222, 223, 224, 225, 226, 229, 230, 231, 234, 235, 236, 238, 239, 240, 241, 242, 243, 244, 247, 248, 258, 259, 260, 261, 263, 264, 265, 266, 268, 269, 270, 273, 274, 276, 277, 278, 279, 280, 287, 288, 298, 299, 300, 301, 302, 304, 305, 313, 314, 316, 317, 318, 319, 320, 321, 322, 324, 325, 326, 327, 328, 330, 331, 333, 335, 336, 337, 338, 340, 341, 342, 346, 347, 348, 354, 355, 386, 387, 388, 389, 390, 393, 394, 396, 397, 400, 401, 403, 404, 408, 413, 414, 415, 418, 421, 422, 423, 424, 427, 428, 430, 431, 435, 440, 452, 463, 465, 467, 468, 469, 470, 471, 472, 473, 474, 476, 477, 480, 484, 485, 488, 490, 491, 494, 497, 500, 501, 502, 503, 506, 507, 511, 513, 514, 516, 518, 520, 521, 522, 523, 525, 526, 527, 528, 531, 533], "excluded_lines": [], "start_line": 187}, "": {"executed_lines": [6, 7, 8, 10, 11, 13, 24, 27, 39, 42, 43, 59, 73, 117, 131, 187, 196, 209, 253, 359, 454], "summary": {"covered_lines": 21, "num_statements": 74, "percent_covered": 28.37837837837838, "percent_covered_display": "28", "missing_lines": 53, "excluded_lines": 0, "percent_statements_covered": 28.37837837837838, "percent_statements_covered_display": "28"}, "missing_lines": [29, 30, 31, 33, 35, 36, 49, 50, 52, 53, 54, 56, 70, 84, 86, 87, 89, 92, 95, 96, 99, 100, 103, 104, 107, 108, 109, 110, 111, 112, 114, 128, 143, 145, 146, 148, 151, 152, 155, 156, 159, 163, 165, 168, 169, 172, 173, 174, 175, 176, 177, 182, 184], "excluded_lines": [], "start_line": 1}}}, "src/multi_tracker/core/detectors/__init__.py": {"executed_lines": [3, 5], "summary": {"covered_lines": 2, "num_statements": 2, "percent_covered": 100.0, "percent_covered_display": "100", "missing_lines": 0, "excluded_lines": 0, "percent_statements_covered": 100.0, "percent_statements_covered_display": "100"}, "missing_lines": [], "excluded_lines": [], "functions": {"": {"executed_lines": [3, 5], "summary": {"covered_lines": 2, "num_statements": 2, "percent_covered": 100.0, "percent_covered_display": "100", "missing_lines": 0, "excluded_lines": 0, "percent_statements_covered": 100.0, "percent_statements_covered_display": "100"}, "missing_lines": [], "excluded_lines": [], "start_line": 1}}, "classes": {"": {"executed_lines": [3, 5], "summary": {"covered_lines": 2, "num_statements": 2, "percent_covered": 100.0, "percent_covered_display": "100", "missing_lines": 0, "excluded_lines": 0, "percent_statements_covered": 100.0, "percent_statements_covered_display": "100"}, "missing_lines": [], "excluded_lines": [], "start_line": 1}}}, "src/multi_tracker/core/detectors/engine.py": {"executed_lines": [6, 7, 8, 10, 11, 13, 16, 21, 22, 24, 32, 50, 60, 61, 63, 64, 66, 72, 73, 74, 75, 76, 78, 80, 86, 88, 89, 90, 91, 93, 94, 95, 97, 98, 104, 105, 106, 115, 120, 121, 122, 123, 124, 126, 129, 135, 144, 146, 147, 150, 151, 154, 158, 159, 160, 163, 167, 168, 169, 170, 171, 172, 173, 174, 177, 180, 199, 200, 201, 202, 203, 204, 205, 208, 213, 224, 225, 227, 228, 231, 232, 233, 234, 235, 236, 237, 270, 294, 361, 414, 487, 620, 744, 925, 933, 943, 945, 949, 950], "summary": {"covered_lines": 99, "num_statements": 461, "percent_covered": 21.475054229934923, "percent_covered_display": "21", "missing_lines": 362, "excluded_lines": 0, "percent_statements_covered": 21.475054229934923, "percent_statements_covered_display": "21"}, "missing_lines": [26, 27, 28, 29, 30, 34, 35, 37, 44, 45, 46, 48, 67, 70, 81, 82, 113, 116, 136, 137, 138, 139, 140, 141, 142, 181, 182, 183, 184, 185, 186, 189, 192, 193, 194, 196, 239, 241, 242, 243, 246, 247, 248, 249, 252, 255, 256, 257, 258, 259, 262, 265, 267, 268, 272, 275, 277, 278, 279, 282, 283, 284, 285, 286, 287, 289, 290, 292, 296, 297, 298, 299, 302, 306, 307, 310, 312, 313, 314, 315, 317, 321, 322, 323, 325, 326, 329, 330, 331, 332, 335, 338, 339, 344, 349, 351, 353, 354, 357, 358, 359, 373, 374, 376, 377, 378, 379, 382, 383, 384, 385, 387, 388, 391, 392, 393, 394, 396, 397, 398, 400, 401, 403, 404, 406, 408, 410, 425, 426, 427, 430, 431, 434, 435, 436, 437, 440, 441, 444, 445, 447, 448, 450, 452, 454, 455, 459, 463, 464, 465, 466, 469, 470, 471, 472, 474, 475, 477, 478, 479, 480, 482, 483, 485, 506, 507, 509, 512, 515, 516, 517, 518, 523, 525, 527, 528, 530, 531, 533, 534, 537, 538, 539, 542, 543, 544, 545, 548, 549, 552, 553, 556, 559, 561, 562, 563, 567, 568, 572, 574, 576, 577, 578, 581, 588, 589, 592, 595, 596, 599, 602, 606, 609, 612, 613, 614, 615, 616, 618, 635, 636, 637, 639, 640, 641, 642, 643, 644, 650, 651, 660, 661, 662, 664, 665, 668, 669, 671, 672, 674, 678, 679, 683, 686, 687, 688, 690, 691, 694, 695, 696, 697, 698, 701, 702, 703, 706, 708, 712, 713, 714, 719, 720, 726, 727, 728, 729, 730, 731, 732, 733, 735, 736, 740, 742, 762, 763, 764, 766, 767, 768, 769, 770, 771, 772, 778, 780, 781, 782, 785, 786, 787, 788, 791, 792, 793, 794, 795, 801, 802, 812, 813, 814, 816, 818, 822, 823, 832, 833, 834, 837, 838, 839, 840, 843, 844, 845, 847, 848, 849, 852, 853, 855, 856, 858, 859, 860, 862, 864, 865, 866, 868, 869, 872, 873, 874, 875, 876, 878, 879, 880, 881, 882, 886, 887, 888, 898, 899, 904, 905, 906, 907, 908, 909, 910, 912, 916, 917, 923, 930, 946, 947], "excluded_lines": [], "functions": {"ObjectDetector.__init__": {"executed_lines": [22], "summary": {"covered_lines": 1, "num_statements": 1, "percent_covered": 100.0, "percent_covered_display": "100", "missing_lines": 0, "excluded_lines": 0, "percent_statements_covered": 100.0, "percent_statements_covered_display": "100"}, "missing_lines": [], "excluded_lines": [], "start_line": 21}, "ObjectDetector._local_conservative_split": {"executed_lines": [], "summary": {"covered_lines": 0, "num_statements": 5, "percent_covered": 0.0, "percent_covered_display": "0", "missing_lines": 5, "excluded_lines": 0, "percent_statements_covered": 0.0, "percent_statements_covered_display": "0"}, "missing_lines": [26, 27, 28, 29, 30], "excluded_lines": [], "start_line": 24}, "ObjectDetector.apply_conservative_split": {"executed_lines": [], "summary": {"covered_lines": 0, "num_statements": 7, "percent_covered": 0.0, "percent_covered_display": "0", "missing_lines": 7, "excluded_lines": 0, "percent_statements_covered": 0.0, "percent_statements_covered_display": "0"}, "missing_lines": [34, 35, 37, 44, 45, 46, 48], "excluded_lines": [], "start_line": 32}, "ObjectDetector.detect_objects": {"executed_lines": [60, 61, 63, 64, 66, 72, 73, 74, 75, 76, 78, 80, 86, 88, 89, 90, 91, 93, 94, 95, 97, 98, 104, 105, 106, 115, 120, 121, 122, 123, 124, 126], "summary": {"covered_lines": 32, "num_statements": 38, "percent_covered": 84.21052631578948, "percent_covered_display": "84", "missing_lines": 6, "excluded_lines": 0, "percent_statements_covered": 84.21052631578948, "percent_statements_covered_display": "84"}, "missing_lines": [67, 70, 81, 82, 113, 116], "excluded_lines": [], "start_line": 50}, "YOLOOBBDetector.__init__": {"executed_lines": [], "summary": {"covered_lines": 0, "num_statements": 7, "percent_covered": 0.0, "percent_covered_display": "0", "missing_lines": 7, "excluded_lines": 0, "percent_statements_covered": 0.0, "percent_statements_covered_display": "0"}, "missing_lines": [136, 137, 138, 139, 140, 141, 142], "excluded_lines": [], "start_line": 135}, "YOLOOBBDetector._try_load_tensorrt_model": {"executed_lines": [146, 147, 150, 151, 154, 158, 159, 160, 163, 167, 168, 169, 170, 171, 172, 173, 174, 177, 180, 199, 200, 201, 202, 203, 204, 205, 208, 213, 224, 225, 227, 228, 231, 232, 233, 234, 235, 236, 237], "summary": {"covered_lines": 39, "num_statements": 68, "percent_covered": 57.35294117647059, "percent_covered_display": "57", "missing_lines": 29, "excluded_lines": 0, "percent_statements_covered": 57.35294117647059, "percent_statements_covered_display": "57"}, "missing_lines": [181, 182, 183, 184, 185, 186, 189, 192, 193, 194, 196, 239, 241, 242, 243, 246, 247, 248, 249, 252, 255, 256, 257, 258, 259, 262, 265, 267, 268], "excluded_lines": [], "start_line": 144}, "YOLOOBBDetector._detect_device": {"executed_lines": [], "summary": {"covered_lines": 0, "num_statements": 14, "percent_covered": 0.0, "percent_covered_display": "0", "missing_lines": 14, "excluded_lines": 0, "percent_statements_covered": 0.0, "percent_statements_covered_display": "0"}, "missing_lines": [272, 275, 277, 278, 279, 282, 283, 284, 285, 286, 287, 289, 290, 292], "excluded_lines": [], "start_line": 270}, "YOLOOBBDetector._load_model": {"executed_lines": [], "summary": {"covered_lines": 0, "num_statements": 33, "percent_covered": 0.0, "percent_covered_display": "0", "missing_lines": 33, "excluded_lines": 0, "percent_statements_covered": 0.0, "percent_statements_covered_display": "0"}, "missing_lines": [296, 297, 298, 299, 302, 306, 307, 310, 312, 313, 314, 315, 317, 321, 322, 323, 325, 326, 329, 330, 331, 332, 335, 338, 339, 344, 349, 351, 353, 354, 357, 358, 359], "excluded_lines": [], "start_line": 294}, "YOLOOBBDetector._compute_obb_iou_batch": {"executed_lines": [], "summary": {"covered_lines": 0, "num_statements": 26, "percent_covered": 0.0, "percent_covered_display": "0", "missing_lines": 26, "excluded_lines": 0, "percent_statements_covered": 0.0, "percent_statements_covered_display": "0"}, "missing_lines": [373, 374, 376, 377, 378, 379, 382, 383, 384, 385, 387, 388, 391, 392, 393, 394, 396, 397, 398, 400, 401, 403, 404, 406, 408, 410], "excluded_lines": [], "start_line": 361}, "YOLOOBBDetector._compute_obb_iou": {"executed_lines": [], "summary": {"covered_lines": 0, "num_statements": 37, "percent_covered": 0.0, "percent_covered_display": "0", "missing_lines": 37, "excluded_lines": 0, "percent_statements_covered": 0.0, "percent_statements_covered_display": "0"}, "missing_lines": [425, 426, 427, 430, 431, 434, 435, 436, 437, 440, 441, 444, 445, 447, 448, 450, 452, 454, 455, 459, 463, 464, 465, 466, 469, 470, 471, 472, 474, 475, 477, 478, 479, 480, 482, 483, 485], "excluded_lines": [], "start_line": 414}, "YOLOOBBDetector._filter_overlapping_detections": {"executed_lines": [], "summary": {"covered_lines": 0, "num_statements": 55, "percent_covered": 0.0, "percent_covered_display": "0", "missing_lines": 55, "excluded_lines": 0, "percent_statements_covered": 0.0, "percent_statements_covered_display": "0"}, "missing_lines": [506, 507, 509, 512, 515, 516, 517, 518, 523, 525, 527, 528, 530, 531, 533, 534, 537, 538, 539, 542, 543, 544, 545, 548, 549, 552, 553, 556, 559, 561, 562, 563, 567, 568, 572, 574, 576, 577, 578, 581, 588, 589, 592, 595, 596, 599, 602, 606, 609, 612, 613, 614, 615, 616, 618], "excluded_lines": [], "start_line": 487}, "YOLOOBBDetector.detect_objects": {"executed_lines": [], "summary": {"covered_lines": 0, "num_statements": 56, "percent_covered": 0.0, "percent_covered_display": "0", "missing_lines": 56, "excluded_lines": 0, "percent_statements_covered": 0.0, "percent_statements_covered_display": "0"}, "missing_lines": [635, 636, 637, 639, 640, 641, 642, 643, 644, 650, 651, 660, 661, 662, 664, 665, 668, 669, 671, 672, 674, 678, 679, 683, 686, 687, 688, 690, 691, 694, 695, 696, 697, 698, 701, 702, 703, 706, 708, 712, 713, 714, 719, 720, 726, 727, 728, 729, 730, 731, 732, 733, 735, 736, 740, 742], "excluded_lines": [], "start_line": 620}, "YOLOOBBDetector.detect_objects_batched": {"executed_lines": [], "summary": {"covered_lines": 0, "num_statements": 84, "percent_covered": 0.0, "percent_covered_display": "0", "missing_lines": 84, "excluded_lines": 0, "percent_statements_covered": 0.0, "percent_statements_covered_display": "0"}, "missing_lines": [762, 763, 764, 766, 767, 768, 769, 770, 771, 772, 778, 780, 781, 782, 785, 786, 787, 788, 791, 792, 793, 794, 795, 801, 802, 812, 813, 814, 816, 818, 822, 823, 832, 833, 834, 837, 838, 839, 840, 843, 844, 845, 847, 848, 849, 852, 853, 855, 856, 858, 859, 860, 862, 864, 865, 866, 868, 869, 872, 873, 874, 875, 876, 878, 879, 880, 881, 882, 886, 887, 888, 898, 899, 904, 905, 906, 907, 908, 909, 910, 912, 916, 917, 923], "excluded_lines": [], "start_line": 744}, "YOLOOBBDetector.apply_conservative_split": {"executed_lines": [], "summary": {"covered_lines": 0, "num_statements": 1, "percent_covered": 0.0, "percent_covered_display": "0", "missing_lines": 1, "excluded_lines": 0, "percent_statements_covered": 0.0, "percent_statements_covered_display": "0"}, "missing_lines": [930], "excluded_lines": [], "start_line": 925}, "create_detector": {"executed_lines": [943, 945, 949, 950], "summary": {"covered_lines": 4, "num_statements": 6, "percent_covered": 66.66666666666667, "percent_covered_display": "67", "missing_lines": 2, "excluded_lines": 0, "percent_statements_covered": 66.66666666666667, "percent_statements_covered_display": "67"}, "missing_lines": [946, 947], "excluded_lines": [], "start_line": 933}, "": {"executed_lines": [6, 7, 8, 10, 11, 13, 16, 21, 24, 32, 50, 129, 135, 144, 270, 294, 361, 414, 487, 620, 744, 925, 933], "summary": {"covered_lines": 23, "num_statements": 23, "percent_covered": 100.0, "percent_covered_display": "100", "missing_lines": 0, "excluded_lines": 0, "percent_statements_covered": 100.0, "percent_statements_covered_display": "100"}, "missing_lines": [], "excluded_lines": [], "start_line": 1}}, "classes": {"ObjectDetector": {"executed_lines": [22, 60, 61, 63, 64, 66, 72, 73, 74, 75, 76, 78, 80, 86, 88, 89, 90, 91, 93, 94, 95, 97, 98, 104, 105, 106, 115, 120, 121, 122, 123, 124, 126], "summary": {"covered_lines": 33, "num_statements": 51, "percent_covered": 64.70588235294117, "percent_covered_display": "65", "missing_lines": 18, "excluded_lines": 0, "percent_statements_covered": 64.70588235294117, "percent_statements_covered_display": "65"}, "missing_lines": [26, 27, 28, 29, 30, 34, 35, 37, 44, 45, 46, 48, 67, 70, 81, 82, 113, 116], "excluded_lines": [], "start_line": 16}, "YOLOOBBDetector": {"executed_lines": [146, 147, 150, 151, 154, 158, 159, 160, 163, 167, 168, 169, 170, 171, 172, 173, 174, 177, 180, 199, 200, 201, 202, 203, 204, 205, 208, 213, 224, 225, 227, 228, 231, 232, 233, 234, 235, 236, 237], "summary": {"covered_lines": 39, "num_statements": 381, "percent_covered": 10.236220472440944, "percent_covered_display": "10", "missing_lines": 342, "excluded_lines": 0, "percent_statements_covered": 10.236220472440944, "percent_statements_covered_display": "10"}, "missing_lines": [136, 137, 138, 139, 140, 141, 142, 181, 182, 183, 184, 185, 186, 189, 192, 193, 194, 196, 239, 241, 242, 243, 246, 247, 248, 249, 252, 255, 256, 257, 258, 259, 262, 265, 267, 268, 272, 275, 277, 278, 279, 282, 283, 284, 285, 286, 287, 289, 290, 292, 296, 297, 298, 299, 302, 306, 307, 310, 312, 313, 314, 315, 317, 321, 322, 323, 325, 326, 329, 330, 331, 332, 335, 338, 339, 344, 349, 351, 353, 354, 357, 358, 359, 373, 374, 376, 377, 378, 379, 382, 383, 384, 385, 387, 388, 391, 392, 393, 394, 396, 397, 398, 400, 401, 403, 404, 406, 408, 410, 425, 426, 427, 430, 431, 434, 435, 436, 437, 440, 441, 444, 445, 447, 448, 450, 452, 454, 455, 459, 463, 464, 465, 466, 469, 470, 471, 472, 474, 475, 477, 478, 479, 480, 482, 483, 485, 506, 507, 509, 512, 515, 516, 517, 518, 523, 525, 527, 528, 530, 531, 533, 534, 537, 538, 539, 542, 543, 544, 545, 548, 549, 552, 553, 556, 559, 561, 562, 563, 567, 568, 572, 574, 576, 577, 578, 581, 588, 589, 592, 595, 596, 599, 602, 606, 609, 612, 613, 614, 615, 616, 618, 635, 636, 637, 639, 640, 641, 642, 643, 644, 650, 651, 660, 661, 662, 664, 665, 668, 669, 671, 672, 674, 678, 679, 683, 686, 687, 688, 690, 691, 694, 695, 696, 697, 698, 701, 702, 703, 706, 708, 712, 713, 714, 719, 720, 726, 727, 728, 729, 730, 731, 732, 733, 735, 736, 740, 742, 762, 763, 764, 766, 767, 768, 769, 770, 771, 772, 778, 780, 781, 782, 785, 786, 787, 788, 791, 792, 793, 794, 795, 801, 802, 812, 813, 814, 816, 818, 822, 823, 832, 833, 834, 837, 838, 839, 840, 843, 844, 845, 847, 848, 849, 852, 853, 855, 856, 858, 859, 860, 862, 864, 865, 866, 868, 869, 872, 873, 874, 875, 876, 878, 879, 880, 881, 882, 886, 887, 888, 898, 899, 904, 905, 906, 907, 908, 909, 910, 912, 916, 917, 923, 930], "excluded_lines": [], "start_line": 129}, "": {"executed_lines": [6, 7, 8, 10, 11, 13, 16, 21, 24, 32, 50, 129, 135, 144, 270, 294, 361, 414, 487, 620, 744, 925, 933, 943, 945, 949, 950], "summary": {"covered_lines": 27, "num_statements": 29, "percent_covered": 93.10344827586206, "percent_covered_display": "93", "missing_lines": 2, "excluded_lines": 0, "percent_statements_covered": 93.10344827586206, "percent_statements_covered_display": "93"}, "missing_lines": [946, 947], "excluded_lines": [], "start_line": 1}}}, "src/multi_tracker/core/filters/__init__.py": {"executed_lines": [3, 5], "summary": {"covered_lines": 2, "num_statements": 2, "percent_covered": 100.0, "percent_covered_display": "100", "missing_lines": 0, "excluded_lines": 0, "percent_statements_covered": 100.0, "percent_statements_covered_display": "100"}, "missing_lines": [], "excluded_lines": [], "functions": {"": {"executed_lines": [3, 5], "summary": {"covered_lines": 2, "num_statements": 2, "percent_covered": 100.0, "percent_covered_display": "100", "missing_lines": 0, "excluded_lines": 0, "percent_statements_covered": 100.0, "percent_statements_covered_display": "100"}, "missing_lines": [], "excluded_lines": [], "start_line": 1}}, "classes": {"": {"executed_lines": [3, 5], "summary": {"covered_lines": 2, "num_statements": 2, "percent_covered": 100.0, "percent_covered_display": "100", "missing_lines": 0, "excluded_lines": 0, "percent_statements_covered": 100.0, "percent_statements_covered_display": "100"}, "missing_lines": [], "excluded_lines": [], "start_line": 1}}}, "src/multi_tracker/core/filters/kalman.py": {"executed_lines": [10, 12, 16, 17, 55, 56, 99, 100, 110, 115, 116, 117, 118, 119, 122, 123, 126, 131, 132, 133, 136, 140, 141, 144, 146, 147, 148, 149, 152, 155, 156, 160, 161, 173, 177, 179, 181, 182, 183, 185, 188, 194, 195, 196, 197, 199, 200, 201, 203, 204, 205, 206, 207, 209, 210, 213, 214, 215, 219, 220, 221, 225, 226, 232, 233, 237, 238, 239, 245, 247, 251, 253, 266, 267, 268, 269, 270, 272, 273, 274, 275, 276, 277, 278, 282, 283, 284, 285, 286, 287, 290, 292, 294, 297, 298, 300, 302], "summary": {"covered_lines": 97, "num_statements": 149, "percent_covered": 65.1006711409396, "percent_covered_display": "65", "missing_lines": 52, "excluded_lines": 0, "percent_statements_covered": 65.1006711409396, "percent_statements_covered_display": "65"}, "missing_lines": [21, 23, 24, 25, 29, 30, 31, 34, 35, 36, 37, 38, 41, 44, 48, 49, 50, 52, 60, 61, 62, 65, 69, 70, 71, 72, 75, 78, 81, 84, 85, 86, 87, 88, 89, 93, 94, 96, 102, 103, 104, 105, 106, 107, 189, 241, 242, 243, 249, 254, 271, 295], "excluded_lines": [], "functions": {"_predict_kernel": {"executed_lines": [], "summary": {"covered_lines": 0, "num_statements": 18, "percent_covered": 0.0, "percent_covered_display": "0", "missing_lines": 18, "excluded_lines": 0, "percent_statements_covered": 0.0, "percent_statements_covered_display": "0"}, "missing_lines": [21, 23, 24, 25, 29, 30, 31, 34, 35, 36, 37, 38, 41, 44, 48, 49, 50, 52], "excluded_lines": [], "start_line": 17}, "_correct_kernel": {"executed_lines": [], "summary": {"covered_lines": 0, "num_statements": 20, "percent_covered": 0.0, "percent_covered_display": "0", "missing_lines": 20, "excluded_lines": 0, "percent_statements_covered": 0.0, "percent_statements_covered_display": "0"}, "missing_lines": [60, 61, 62, 65, 69, 70, 71, 72, 75, 78, 81, 84, 85, 86, 87, 88, 89, 93, 94, 96], "excluded_lines": [], "start_line": 56}, "_get_mahal_kernel": {"executed_lines": [], "summary": {"covered_lines": 0, "num_statements": 6, "percent_covered": 0.0, "percent_covered_display": "0", "missing_lines": 6, "excluded_lines": 0, "percent_statements_covered": 0.0, "percent_statements_covered_display": "0"}, "missing_lines": [102, 103, 104, 105, 106, 107], "excluded_lines": [], "start_line": 100}, "KalmanFilterManager.__init__": {"executed_lines": [116, 117, 118, 119, 122, 123, 126, 131, 132, 133, 136, 140, 141, 144, 146, 147, 148, 149, 152, 155, 156, 160, 161, 173, 177], "summary": {"covered_lines": 25, "num_statements": 25, "percent_covered": 100.0, "percent_covered_display": "100", "missing_lines": 0, "excluded_lines": 0, "percent_statements_covered": 100.0, "percent_statements_covered_display": "100"}, "missing_lines": [], "excluded_lines": [], "start_line": 115}, "KalmanFilterManager.initialize_filter": {"executed_lines": [181, 182, 183], "summary": {"covered_lines": 3, "num_statements": 3, "percent_covered": 100.0, "percent_covered_display": "100", "missing_lines": 0, "excluded_lines": 0, "percent_statements_covered": 100.0, "percent_statements_covered_display": "100"}, "missing_lines": [], "excluded_lines": [], "start_line": 179}, "KalmanFilterManager.predict": {"executed_lines": [188, 194, 195, 196, 197, 199, 200, 201, 203, 204, 205, 206, 207, 209, 210, 213, 214, 215, 219, 220, 221, 225, 226, 232, 233, 237, 238, 239, 245], "summary": {"covered_lines": 29, "num_statements": 33, "percent_covered": 87.87878787878788, "percent_covered_display": "88", "missing_lines": 4, "excluded_lines": 0, "percent_statements_covered": 87.87878787878788, "percent_statements_covered_display": "88"}, "missing_lines": [189, 241, 242, 243], "excluded_lines": [], "start_line": 185}, "KalmanFilterManager.get_predictions": {"executed_lines": [], "summary": {"covered_lines": 0, "num_statements": 1, "percent_covered": 0.0, "percent_covered_display": "0", "missing_lines": 1, "excluded_lines": 0, "percent_statements_covered": 0.0, "percent_statements_covered_display": "0"}, "missing_lines": [249], "excluded_lines": [], "start_line": 247}, "KalmanFilterManager.correct": {"executed_lines": [253, 266, 267, 268, 269, 270, 272, 273, 274, 275, 276, 277, 278, 282, 283, 284, 285, 286, 287, 290], "summary": {"covered_lines": 20, "num_statements": 22, "percent_covered": 90.9090909090909, "percent_covered_display": "91", "missing_lines": 2, "excluded_lines": 0, "percent_statements_covered": 90.9090909090909, "percent_statements_covered_display": "91"}, "missing_lines": [254, 271], "excluded_lines": [], "start_line": 251}, "KalmanFilterManager.get_mahalanobis_matrices": {"executed_lines": [294, 297, 298], "summary": {"covered_lines": 3, "num_statements": 4, "percent_covered": 75.0, "percent_covered_display": "75", "missing_lines": 1, "excluded_lines": 0, "percent_statements_covered": 75.0, "percent_statements_covered_display": "75"}, "missing_lines": [295], "excluded_lines": [], "start_line": 292}, "KalmanFilterManager.get_position_uncertainties": {"executed_lines": [302], "summary": {"covered_lines": 1, "num_statements": 1, "percent_covered": 100.0, "percent_covered_display": "100", "missing_lines": 0, "excluded_lines": 0, "percent_statements_covered": 100.0, "percent_statements_covered_display": "100"}, "missing_lines": [], "excluded_lines": [], "start_line": 300}, "": {"executed_lines": [10, 12, 16, 17, 55, 56, 99, 100, 110, 115, 179, 185, 247, 251, 292, 300], "summary": {"covered_lines": 16, "num_statements": 16, "percent_covered": 100.0, "percent_covered_display": "100", "missing_lines": 0, "excluded_lines": 0, "percent_statements_covered": 100.0, "percent_statements_covered_display": "100"}, "missing_lines": [], "excluded_lines": [], "start_line": 1}}, "classes": {"KalmanFilterManager": {"executed_lines": [116, 117, 118, 119, 122, 123, 126, 131, 132, 133, 136, 140, 141, 144, 146, 147, 148, 149, 152, 155, 156, 160, 161, 173, 177, 181, 182, 183, 188, 194, 195, 196, 197, 199, 200, 201, 203, 204, 205, 206, 207, 209, 210, 213, 214, 215, 219, 220, 221, 225, 226, 232, 233, 237, 238, 239, 245, 253, 266, 267, 268, 269, 270, 272, 273, 274, 275, 276, 277, 278, 282, 283, 284, 285, 286, 287, 290, 294, 297, 298, 302], "summary": {"covered_lines": 81, "num_statements": 89, "percent_covered": 91.01123595505618, "percent_covered_display": "91", "missing_lines": 8, "excluded_lines": 0, "percent_statements_covered": 91.01123595505618, "percent_statements_covered_display": "91"}, "missing_lines": [189, 241, 242, 243, 249, 254, 271, 295], "excluded_lines": [], "start_line": 110}, "": {"executed_lines": [10, 12, 16, 17, 55, 56, 99, 100, 110, 115, 179, 185, 247, 251, 292, 300], "summary": {"covered_lines": 16, "num_statements": 60, "percent_covered": 26.666666666666668, "percent_covered_display": "27", "missing_lines": 44, "excluded_lines": 0, "percent_statements_covered": 26.666666666666668, "percent_statements_covered_display": "27"}, "missing_lines": [21, 23, 24, 25, 29, 30, 31, 34, 35, 36, 37, 38, 41, 44, 48, 49, 50, 52, 60, 61, 62, 65, 69, 70, 71, 72, 75, 78, 81, 84, 85, 86, 87, 88, 89, 93, 94, 96, 102, 103, 104, 105, 106, 107], "excluded_lines": [], "start_line": 1}}}, "src/multi_tracker/core/identity/__init__.py": {"executed_lines": [3, 5], "summary": {"covered_lines": 2, "num_statements": 2, "percent_covered": 100.0, "percent_covered_display": "100", "missing_lines": 0, "excluded_lines": 0, "percent_statements_covered": 100.0, "percent_statements_covered_display": "100"}, "missing_lines": [], "excluded_lines": [], "functions": {"": {"executed_lines": [3, 5], "summary": {"covered_lines": 2, "num_statements": 2, "percent_covered": 100.0, "percent_covered_display": "100", "missing_lines": 0, "excluded_lines": 0, "percent_statements_covered": 100.0, "percent_statements_covered_display": "100"}, "missing_lines": [], "excluded_lines": [], "start_line": 1}}, "classes": {"": {"executed_lines": [3, 5], "summary": {"covered_lines": 2, "num_statements": 2, "percent_covered": 100.0, "percent_covered_display": "100", "missing_lines": 0, "excluded_lines": 0, "percent_statements_covered": 100.0, "percent_statements_covered_display": "100"}, "missing_lines": [], "excluded_lines": [], "start_line": 1}}}, "src/multi_tracker/core/identity/analysis.py": {"executed_lines": [6, 7, 8, 9, 11, 12, 14, 16, 19, 25, 26, 27, 28, 31, 32, 33, 35, 39, 62, 63, 66, 67, 70, 73, 76, 79, 80, 81, 82, 85, 88, 89, 91, 92, 93, 94, 95, 105, 113, 115, 131, 132, 157, 182, 187, 193, 208, 264, 278, 279, 294, 295, 339, 367, 498, 559, 633, 697], "summary": {"covered_lines": 58, "num_statements": 258, "percent_covered": 22.48062015503876, "percent_covered_display": "22", "missing_lines": 200, "excluded_lines": 0, "percent_statements_covered": 22.48062015503876, "percent_statements_covered_display": "22"}, "missing_lines": [71, 134, 135, 136, 138, 139, 140, 141, 142, 147, 148, 151, 152, 153, 155, 173, 174, 175, 176, 177, 178, 180, 185, 190, 224, 225, 228, 229, 230, 235, 237, 238, 239, 241, 244, 247, 248, 251, 252, 253, 256, 257, 259, 271, 272, 274, 292, 314, 315, 319, 329, 330, 331, 334, 335, 337, 341, 342, 343, 345, 347, 348, 349, 350, 353, 356, 357, 358, 359, 360, 361, 362, 363, 365, 406, 407, 409, 410, 413, 414, 417, 418, 420, 421, 424, 425, 427, 429, 430, 431, 432, 436, 438, 441, 442, 444, 445, 446, 447, 450, 453, 456, 459, 461, 463, 464, 469, 475, 490, 493, 494, 496, 513, 514, 516, 517, 520, 521, 523, 524, 530, 548, 577, 580, 581, 582, 583, 586, 587, 590, 591, 592, 593, 595, 596, 599, 600, 603, 606, 607, 608, 611, 612, 615, 616, 619, 620, 621, 622, 624, 631, 658, 660, 661, 662, 664, 665, 666, 671, 676, 679, 680, 684, 687, 688, 689, 691, 693, 694, 695, 705, 706, 709, 721, 722, 723, 725, 731, 732, 733, 734, 735, 736, 737, 738, 739, 740, 741, 742, 743, 744, 745, 746, 747, 748, 749, 751, 753, 754, 755], "excluded_lines": [], "functions": {"IdentityProcessor.__init__": {"executed_lines": [26, 27, 28, 31, 32, 33, 35], "summary": {"covered_lines": 7, "num_statements": 7, "percent_covered": 100.0, "percent_covered_display": "100", "missing_lines": 0, "excluded_lines": 0, "percent_statements_covered": 100.0, "percent_statements_covered_display": "100"}, "missing_lines": [], "excluded_lines": [], "start_line": 25}, "IdentityProcessor.extract_crop": {"executed_lines": [62, 63, 66, 67, 70, 73, 76, 79, 80, 81, 82, 85, 88, 89, 91, 92, 93, 94, 95, 105, 113], "summary": {"covered_lines": 21, "num_statements": 22, "percent_covered": 95.45454545454545, "percent_covered_display": "95", "missing_lines": 1, "excluded_lines": 0, "percent_statements_covered": 95.45454545454545, "percent_statements_covered_display": "95"}, "missing_lines": [71], "excluded_lines": [], "start_line": 39}, "IdentityProcessor.process_frame": {"executed_lines": [131, 132], "summary": {"covered_lines": 2, "num_statements": 16, "percent_covered": 12.5, "percent_covered_display": "12", "missing_lines": 14, "excluded_lines": 0, "percent_statements_covered": 12.5, "percent_statements_covered_display": "12"}, "missing_lines": [134, 135, 136, 138, 139, 140, 141, 142, 147, 148, 151, 152, 153, 155], "excluded_lines": [], "start_line": 115}, "IdentityProcessor._classify_identity": {"executed_lines": [], "summary": {"covered_lines": 0, "num_statements": 7, "percent_covered": 0.0, "percent_covered_display": "0", "missing_lines": 7, "excluded_lines": 0, "percent_statements_covered": 0.0, "percent_statements_covered_display": "0"}, "missing_lines": [173, 174, 175, 176, 177, 178, 180], "excluded_lines": [], "start_line": 157}, "IdentityProcessor._dummy_color_tag_classifier": {"executed_lines": [], "summary": {"covered_lines": 0, "num_statements": 1, "percent_covered": 0.0, "percent_covered_display": "0", "missing_lines": 1, "excluded_lines": 0, "percent_statements_covered": 0.0, "percent_statements_covered_display": "0"}, "missing_lines": [185], "excluded_lines": [], "start_line": 182}, "IdentityProcessor._dummy_apriltag_classifier": {"executed_lines": [], "summary": {"covered_lines": 0, "num_statements": 1, "percent_covered": 0.0, "percent_covered_display": "0", "missing_lines": 1, "excluded_lines": 0, "percent_statements_covered": 0.0, "percent_statements_covered_display": "0"}, "missing_lines": [190], "excluded_lines": [], "start_line": 187}, "IndividualDatasetGenerator.__init__": {"executed_lines": [], "summary": {"covered_lines": 0, "num_statements": 19, "percent_covered": 0.0, "percent_covered_display": "0", "missing_lines": 19, "excluded_lines": 0, "percent_statements_covered": 0.0, "percent_statements_covered_display": "0"}, "missing_lines": [224, 225, 228, 229, 230, 235, 237, 238, 239, 241, 244, 247, 248, 251, 252, 253, 256, 257, 259], "excluded_lines": [], "start_line": 208}, "IndividualDatasetGenerator.set_background_color": {"executed_lines": [], "summary": {"covered_lines": 0, "num_statements": 3, "percent_covered": 0.0, "percent_covered_display": "0", "missing_lines": 3, "excluded_lines": 0, "percent_statements_covered": 0.0, "percent_statements_covered_display": "0"}, "missing_lines": [271, 272, 274], "excluded_lines": [], "start_line": 264}, "IndividualDatasetGenerator.compute_median_color_from_frame": {"executed_lines": [], "summary": {"covered_lines": 0, "num_statements": 1, "percent_covered": 0.0, "percent_covered_display": "0", "missing_lines": 1, "excluded_lines": 0, "percent_statements_covered": 0.0, "percent_statements_covered_display": "0"}, "missing_lines": [292], "excluded_lines": [], "start_line": 279}, "IndividualDatasetGenerator.ellipse_to_obb_corners": {"executed_lines": [], "summary": {"covered_lines": 0, "num_statements": 9, "percent_covered": 0.0, "percent_covered_display": "0", "missing_lines": 9, "excluded_lines": 0, "percent_statements_covered": 0.0, "percent_statements_covered_display": "0"}, "missing_lines": [314, 315, 319, 329, 330, 331, 334, 335, 337], "excluded_lines": [], "start_line": 295}, "IndividualDatasetGenerator._setup_output_directory": {"executed_lines": [], "summary": {"covered_lines": 0, "num_statements": 18, "percent_covered": 0.0, "percent_covered_display": "0", "missing_lines": 18, "excluded_lines": 0, "percent_statements_covered": 0.0, "percent_statements_covered_display": "0"}, "missing_lines": [341, 342, 343, 345, 347, 348, 349, 350, 353, 356, 357, 358, 359, 360, 361, 362, 363, 365], "excluded_lines": [], "start_line": 339}, "IndividualDatasetGenerator.process_frame": {"executed_lines": [], "summary": {"covered_lines": 0, "num_statements": 38, "percent_covered": 0.0, "percent_covered_display": "0", "missing_lines": 38, "excluded_lines": 0, "percent_statements_covered": 0.0, "percent_statements_covered_display": "0"}, "missing_lines": [406, 407, 409, 410, 413, 414, 417, 418, 420, 421, 424, 425, 427, 429, 430, 431, 432, 436, 438, 441, 442, 444, 445, 446, 447, 450, 453, 456, 459, 461, 463, 464, 469, 475, 490, 493, 494, 496], "excluded_lines": [], "start_line": 367}, "IndividualDatasetGenerator.save_interpolated_crop": {"executed_lines": [], "summary": {"covered_lines": 0, "num_statements": 10, "percent_covered": 0.0, "percent_covered_display": "0", "missing_lines": 10, "excluded_lines": 0, "percent_statements_covered": 0.0, "percent_statements_covered_display": "0"}, "missing_lines": [513, 514, 516, 517, 520, 521, 523, 524, 530, 548], "excluded_lines": [], "start_line": 498}, "IndividualDatasetGenerator._extract_obb_masked_crop": {"executed_lines": [], "summary": {"covered_lines": 0, "num_statements": 29, "percent_covered": 0.0, "percent_covered_display": "0", "missing_lines": 29, "excluded_lines": 0, "percent_statements_covered": 0.0, "percent_statements_covered_display": "0"}, "missing_lines": [577, 580, 581, 582, 583, 586, 587, 590, 591, 592, 593, 595, 596, 599, 600, 603, 606, 607, 608, 611, 612, 615, 616, 619, 620, 621, 622, 624, 631], "excluded_lines": [], "start_line": 559}, "IndividualDatasetGenerator._save_crop": {"executed_lines": [], "summary": {"covered_lines": 0, "num_statements": 19, "percent_covered": 0.0, "percent_covered_display": "0", "missing_lines": 19, "excluded_lines": 0, "percent_statements_covered": 0.0, "percent_statements_covered_display": "0"}, "missing_lines": [658, 660, 661, 662, 664, 665, 666, 671, 676, 679, 680, 684, 687, 688, 689, 691, 693, 694, 695], "excluded_lines": [], "start_line": 633}, "IndividualDatasetGenerator.finalize": {"executed_lines": [], "summary": {"covered_lines": 0, "num_statements": 30, "percent_covered": 0.0, "percent_covered_display": "0", "missing_lines": 30, "excluded_lines": 0, "percent_statements_covered": 0.0, "percent_statements_covered_display": "0"}, "missing_lines": [705, 706, 709, 721, 722, 723, 725, 731, 732, 733, 734, 735, 736, 737, 738, 739, 740, 741, 742, 743, 744, 745, 746, 747, 748, 749, 751, 753, 754, 755], "excluded_lines": [], "start_line": 697}, "": {"executed_lines": [6, 7, 8, 9, 11, 12, 14, 16, 19, 25, 39, 115, 157, 182, 187, 193, 208, 264, 278, 279, 294, 295, 339, 367, 498, 559, 633, 697], "summary": {"covered_lines": 28, "num_statements": 28, "percent_covered": 100.0, "percent_covered_display": "100", "missing_lines": 0, "excluded_lines": 0, "percent_statements_covered": 100.0, "percent_statements_covered_display": "100"}, "missing_lines": [], "excluded_lines": [], "start_line": 1}}, "classes": {"IdentityProcessor": {"executed_lines": [26, 27, 28, 31, 32, 33, 35, 62, 63, 66, 67, 70, 73, 76, 79, 80, 81, 82, 85, 88, 89, 91, 92, 93, 94, 95, 105, 113, 131, 132], "summary": {"covered_lines": 30, "num_statements": 54, "percent_covered": 55.55555555555556, "percent_covered_display": "56", "missing_lines": 24, "excluded_lines": 0, "percent_statements_covered": 55.55555555555556, "percent_statements_covered_display": "56"}, "missing_lines": [71, 134, 135, 136, 138, 139, 140, 141, 142, 147, 148, 151, 152, 153, 155, 173, 174, 175, 176, 177, 178, 180, 185, 190], "excluded_lines": [], "start_line": 19}, "IndividualDatasetGenerator": {"executed_lines": [], "summary": {"covered_lines": 0, "num_statements": 176, "percent_covered": 0.0, "percent_covered_display": "0", "missing_lines": 176, "excluded_lines": 0, "percent_statements_covered": 0.0, "percent_statements_covered_display": "0"}, "missing_lines": [224, 225, 228, 229, 230, 235, 237, 238, 239, 241, 244, 247, 248, 251, 252, 253, 256, 257, 259, 271, 272, 274, 292, 314, 315, 319, 329, 330, 331, 334, 335, 337, 341, 342, 343, 345, 347, 348, 349, 350, 353, 356, 357, 358, 359, 360, 361, 362, 363, 365, 406, 407, 409, 410, 413, 414, 417, 418, 420, 421, 424, 425, 427, 429, 430, 431, 432, 436, 438, 441, 442, 444, 445, 446, 447, 450, 453, 456, 459, 461, 463, 464, 469, 475, 490, 493, 494, 496, 513, 514, 516, 517, 520, 521, 523, 524, 530, 548, 577, 580, 581, 582, 583, 586, 587, 590, 591, 592, 593, 595, 596, 599, 600, 603, 606, 607, 608, 611, 612, 615, 616, 619, 620, 621, 622, 624, 631, 658, 660, 661, 662, 664, 665, 666, 671, 676, 679, 680, 684, 687, 688, 689, 691, 693, 694, 695, 705, 706, 709, 721, 722, 723, 725, 731, 732, 733, 734, 735, 736, 737, 738, 739, 740, 741, 742, 743, 744, 745, 746, 747, 748, 749, 751, 753, 754, 755], "excluded_lines": [], "start_line": 193}, "": {"executed_lines": [6, 7, 8, 9, 11, 12, 14, 16, 19, 25, 39, 115, 157, 182, 187, 193, 208, 264, 278, 279, 294, 295, 339, 367, 498, 559, 633, 697], "summary": {"covered_lines": 28, "num_statements": 28, "percent_covered": 100.0, "percent_covered_display": "100", "missing_lines": 0, "excluded_lines": 0, "percent_statements_covered": 100.0, "percent_statements_covered_display": "100"}, "missing_lines": [], "excluded_lines": [], "start_line": 1}}}, "src/multi_tracker/core/post/__init__.py": {"executed_lines": [3, 10], "summary": {"covered_lines": 2, "num_statements": 2, "percent_covered": 100.0, "percent_covered_display": "100", "missing_lines": 0, "excluded_lines": 0, "percent_statements_covered": 100.0, "percent_statements_covered_display": "100"}, "missing_lines": [], "excluded_lines": [], "functions": {"": {"executed_lines": [3, 10], "summary": {"covered_lines": 2, "num_statements": 2, "percent_covered": 100.0, "percent_covered_display": "100", "missing_lines": 0, "excluded_lines": 0, "percent_statements_covered": 100.0, "percent_statements_covered_display": "100"}, "missing_lines": [], "excluded_lines": [], "start_line": 1}}, "classes": {"": {"executed_lines": [3, 10], "summary": {"covered_lines": 2, "num_statements": 2, "percent_covered": 100.0, "percent_covered_display": "100", "missing_lines": 0, "excluded_lines": 0, "percent_statements_covered": 100.0, "percent_statements_covered_display": "100"}, "missing_lines": [], "excluded_lines": [], "start_line": 1}}}, "src/multi_tracker/core/post/processing.py": {"executed_lines": [11, 13, 14, 15, 19, 20, 34, 37, 38, 53, 54, 91, 92, 157, 197, 204, 207, 208, 209, 210, 212, 213, 215, 217, 218, 219, 220, 223, 232, 234, 236, 237, 238, 239, 240, 242, 243, 244, 245, 247, 248, 251, 253, 254, 257, 258, 261, 265, 266, 267, 268, 271, 272, 275, 276, 277, 278, 280, 281, 283, 291, 380, 655, 781, 809, 810, 813, 817, 818, 819, 821, 825, 831, 832, 833, 834, 835, 836, 837, 840, 841, 842, 843, 846, 847, 848, 851, 852, 854, 858, 863, 868, 869, 870, 871, 872, 876, 912, 916, 919, 920, 921, 924, 926, 927, 930, 931, 933, 939, 942, 945, 946, 947, 950, 951, 952, 960, 966, 974, 981, 982, 985, 986, 987, 988, 990, 992, 995, 1006, 1007, 1009, 1010, 1011, 1016, 1017, 1018, 1019, 1020, 1022, 1023, 1024, 1026, 1027, 1028, 1030, 1031, 1032, 1034, 1035, 1037, 1040, 1041, 1042, 1043, 1047, 1048, 1049, 1050, 1051, 1052, 1056, 1057, 1058, 1063, 1064, 1065, 1066, 1067, 1068, 1069, 1106, 1107, 1113, 1114, 1115, 1116, 1118, 1121, 1123, 1126, 1133, 1136, 1137, 1138, 1144, 1145, 1146, 1147, 1152, 1153, 1154, 1155, 1156, 1157, 1160, 1163, 1164, 1165, 1167, 1170, 1173, 1174, 1175, 1176, 1180, 1183, 1198, 1202, 1205, 1208, 1209, 1210, 1211, 1212, 1214, 1215, 1218, 1220, 1221, 1225, 1226, 1229, 1233, 1234, 1235, 1236, 1237, 1238, 1243, 1253, 1254, 1259, 1262, 1485, 1507, 1511, 1517, 1519, 1526, 1569, 1570, 1572, 1573, 1574, 1575, 1576, 1579, 1580, 1581, 1582, 1583, 1584, 1585, 1586, 1587, 1588, 1592, 1593, 1596, 1597, 1598, 1599, 1601, 1602, 1605, 1606, 1607, 1610, 1611, 1614, 1615, 1620, 1621, 1622, 1623, 1626, 1627, 1628, 1630, 1642, 1643, 1648, 1653, 1654, 1955, 1956, 1957, 1958, 1960, 1962, 1963, 1965, 1968, 1971, 1983, 1987, 1988, 1989, 1991, 1992, 1993, 1994, 1995, 1998, 1999, 2000, 2002, 2003, 2004, 2011, 2015, 2016, 2017, 2019, 2020, 2021, 2023, 2024, 2025, 2028, 2029, 2030, 2033, 2036, 2038, 2039, 2041, 2042, 2045, 2046, 2048, 2051, 2053, 2054, 2055, 2056, 2058, 2060, 2063, 2064, 2065, 2066, 2067, 2071, 2072, 2074, 2076, 2077, 2078, 2080, 2081, 2083, 2086, 2088, 2089, 2090, 2093, 2095, 2115, 2203, 2205, 2206, 2207, 2210, 2223, 2227, 2230, 2231, 2234, 2235, 2237, 2238, 2241, 2242, 2244, 2245, 2251, 2262, 2263, 2264, 2265, 2266, 2267, 2270, 2441, 2503, 2508, 2511, 2512, 2514, 2515, 2516, 2517, 2518, 2520, 2523, 2524, 2525, 2527, 2533, 2534, 2535, 2536, 2539, 2540, 2545, 2546, 2548, 2551, 2592, 2629, 2643, 2646, 2649, 2651, 2654, 2655, 2656, 2659, 2662, 2663, 2664, 2668, 2669, 2672, 2673, 2676, 2679, 2680, 2684, 2685, 2690, 2695, 2696, 2700, 2701, 2709, 2717, 2720, 2723, 2727, 2728, 2731, 2734, 2735, 2737, 2738, 2740, 2741, 2744, 2745, 2746, 2787, 2790, 2791, 2792, 2793, 2795, 2797, 2798, 2799, 2803, 2806, 2811, 2812, 2814, 2815, 2818, 2819, 2822, 2823, 2826, 2829, 2830, 2832], "summary": {"covered_lines": 475, "num_statements": 1359, "percent_covered": 34.95217071376012, "percent_covered_display": "35", "missing_lines": 884, "excluded_lines": 0, "percent_statements_covered": 34.95217071376012, "percent_statements_covered_display": "35"}, "missing_lines": [21, 22, 24, 25, 26, 28, 30, 31, 41, 42, 43, 45, 60, 61, 64, 65, 66, 67, 70, 71, 74, 75, 76, 77, 79, 80, 82, 83, 84, 85, 86, 88, 114, 115, 118, 119, 120, 121, 122, 124, 126, 127, 128, 129, 130, 132, 133, 134, 135, 136, 138, 142, 143, 144, 145, 146, 147, 149, 163, 164, 173, 176, 177, 178, 179, 180, 182, 183, 184, 185, 186, 188, 189, 190, 192, 194, 205, 273, 322, 323, 325, 326, 329, 330, 333, 334, 338, 339, 342, 343, 346, 347, 351, 356, 357, 358, 360, 361, 366, 369, 374, 375, 377, 397, 398, 399, 401, 402, 404, 405, 406, 408, 410, 411, 416, 417, 421, 422, 425, 426, 427, 430, 431, 432, 433, 436, 438, 448, 449, 451, 452, 457, 458, 459, 462, 463, 466, 468, 471, 473, 476, 477, 480, 482, 485, 486, 487, 488, 490, 491, 493, 497, 498, 501, 502, 503, 504, 505, 509, 512, 513, 514, 516, 519, 522, 525, 526, 527, 532, 533, 535, 537, 540, 541, 543, 544, 545, 546, 547, 548, 549, 552, 553, 554, 555, 556, 558, 562, 563, 565, 566, 568, 569, 572, 575, 576, 577, 578, 580, 581, 583, 586, 587, 591, 594, 595, 596, 598, 600, 603, 604, 606, 607, 608, 609, 610, 611, 612, 615, 616, 617, 618, 619, 621, 623, 626, 627, 630, 631, 632, 633, 634, 635, 636, 638, 639, 641, 642, 643, 644, 646, 647, 649, 651, 652, 671, 672, 673, 675, 676, 678, 679, 680, 682, 685, 686, 687, 688, 698, 699, 707, 709, 717, 718, 719, 724, 725, 726, 729, 730, 733, 736, 738, 741, 744, 752, 754, 757, 758, 759, 760, 761, 762, 765, 766, 767, 769, 772, 777, 778, 814, 859, 860, 864, 865, 866, 867, 877, 880, 883, 887, 889, 905, 906, 907, 908, 928, 1038, 1039, 1044, 1045, 1054, 1055, 1060, 1061, 1070, 1072, 1073, 1076, 1077, 1078, 1079, 1081, 1082, 1084, 1085, 1086, 1087, 1089, 1090, 1092, 1093, 1094, 1095, 1097, 1098, 1101, 1102, 1108, 1109, 1110, 1117, 1139, 1140, 1141, 1148, 1149, 1158, 1166, 1168, 1178, 1199, 1222, 1227, 1230, 1239, 1244, 1245, 1246, 1247, 1255, 1281, 1282, 1285, 1287, 1289, 1290, 1291, 1292, 1294, 1298, 1299, 1300, 1301, 1302, 1303, 1304, 1305, 1306, 1307, 1309, 1310, 1312, 1313, 1314, 1315, 1316, 1319, 1320, 1321, 1322, 1323, 1324, 1325, 1326, 1327, 1328, 1330, 1332, 1333, 1334, 1336, 1337, 1338, 1339, 1341, 1342, 1343, 1345, 1346, 1347, 1350, 1351, 1354, 1355, 1356, 1359, 1360, 1361, 1362, 1363, 1364, 1367, 1368, 1371, 1372, 1375, 1376, 1377, 1378, 1380, 1381, 1382, 1385, 1386, 1387, 1389, 1390, 1391, 1393, 1396, 1397, 1399, 1400, 1402, 1404, 1407, 1410, 1411, 1412, 1414, 1416, 1419, 1422, 1423, 1424, 1426, 1428, 1431, 1434, 1438, 1440, 1441, 1443, 1444, 1447, 1448, 1449, 1452, 1453, 1454, 1457, 1458, 1461, 1462, 1463, 1464, 1465, 1466, 1469, 1470, 1471, 1472, 1474, 1476, 1477, 1479, 1480, 1482, 1508, 1521, 1522, 1523, 1524, 1539, 1540, 1541, 1542, 1543, 1544, 1545, 1546, 1547, 1550, 1551, 1552, 1555, 1563, 1565, 1567, 1590, 1594, 1603, 1616, 1637, 1638, 1639, 1644, 1657, 1658, 1663, 1664, 1667, 1668, 1669, 1670, 1672, 1673, 1676, 1677, 1678, 1679, 1680, 1687, 1690, 1691, 1692, 1695, 1698, 1699, 1700, 1702, 1703, 1704, 1706, 1710, 1711, 1713, 1714, 1716, 1717, 1719, 1722, 1724, 1727, 1730, 1733, 1734, 1735, 1737, 1741, 1744, 1750, 1753, 1754, 1755, 1757, 1759, 1762, 1763, 1767, 1769, 1770, 1776, 1778, 1779, 1782, 1785, 1787, 1788, 1794, 1796, 1797, 1800, 1806, 1807, 1813, 1820, 1822, 1823, 1824, 1826, 1827, 1828, 1831, 1833, 1835, 1836, 1839, 1840, 1842, 1843, 1845, 1846, 1849, 1850, 1855, 1856, 1857, 1859, 1860, 1863, 1864, 1867, 1868, 1869, 1872, 1873, 1877, 1879, 1880, 1882, 1884, 1887, 1888, 1889, 1890, 1892, 1893, 1896, 1897, 1900, 1901, 1907, 1910, 1911, 1912, 1915, 1916, 1917, 1920, 1921, 1923, 1926, 1929, 1932, 1933, 1936, 1937, 1938, 1939, 1940, 1943, 1944, 1947, 1952, 1966, 1984, 2001, 2031, 2049, 2091, 2094, 2098, 2099, 2100, 2101, 2102, 2112, 2143, 2146, 2148, 2149, 2152, 2159, 2161, 2162, 2165, 2167, 2168, 2171, 2172, 2175, 2178, 2186, 2187, 2188, 2189, 2191, 2193, 2194, 2197, 2198, 2200, 2224, 2228, 2239, 2248, 2277, 2284, 2285, 2288, 2289, 2290, 2292, 2294, 2296, 2297, 2300, 2301, 2303, 2304, 2305, 2306, 2307, 2309, 2310, 2312, 2314, 2317, 2320, 2322, 2323, 2325, 2326, 2327, 2328, 2331, 2334, 2336, 2337, 2338, 2339, 2340, 2342, 2343, 2344, 2345, 2346, 2347, 2348, 2349, 2350, 2352, 2353, 2354, 2356, 2359, 2360, 2361, 2362, 2364, 2365, 2366, 2367, 2368, 2369, 2370, 2371, 2372, 2374, 2376, 2377, 2379, 2380, 2381, 2382, 2384, 2386, 2387, 2388, 2389, 2392, 2393, 2394, 2396, 2399, 2401, 2403, 2408, 2409, 2412, 2413, 2417, 2420, 2421, 2424, 2425, 2428, 2431, 2432, 2435, 2436, 2438, 2451, 2452, 2454, 2455, 2456, 2457, 2458, 2460, 2461, 2462, 2464, 2465, 2466, 2469, 2470, 2473, 2474, 2475, 2478, 2484, 2485, 2486, 2488, 2489, 2492, 2493, 2494, 2497, 2498, 2500, 2509, 2521, 2537, 2542, 2543, 2553, 2554, 2556, 2557, 2559, 2561, 2562, 2565, 2569, 2570, 2571, 2572, 2575, 2576, 2578, 2586, 2587, 2589, 2594, 2595, 2597, 2598, 2600, 2601, 2602, 2604, 2607, 2611, 2612, 2613, 2614, 2617, 2618, 2620, 2623, 2624, 2626, 2644, 2647, 2687, 2697, 2753, 2754, 2756, 2764, 2767, 2768, 2770, 2779, 2781, 2782, 2783, 2784, 2800, 2801], "excluded_lines": [], "functions": {"_compute_pairwise_distances_numba": {"executed_lines": [], "summary": {"covered_lines": 0, "num_statements": 20, "percent_covered": 0.0, "percent_covered_display": "0", "missing_lines": 20, "excluded_lines": 0, "percent_statements_covered": 0.0, "percent_statements_covered_display": "0"}, "missing_lines": [60, 61, 64, 65, 66, 67, 70, 71, 74, 75, 76, 77, 79, 80, 82, 83, 84, 85, 86, 88], "excluded_lines": [], "start_line": 54}, "_compute_all_merge_candidates_numba": {"executed_lines": [], "summary": {"covered_lines": 0, "num_statements": 26, "percent_covered": 0.0, "percent_covered_display": "0", "missing_lines": 26, "excluded_lines": 0, "percent_statements_covered": 0.0, "percent_statements_covered_display": "0"}, "missing_lines": [114, 115, 118, 119, 120, 121, 122, 124, 126, 127, 128, 129, 130, 132, 133, 134, 135, 136, 138, 142, 143, 144, 145, 146, 147, 149], "excluded_lines": [], "start_line": 92}, "_prepare_trajectory_arrays": {"executed_lines": [], "summary": {"covered_lines": 0, "num_statements": 18, "percent_covered": 0.0, "percent_covered_display": "0", "missing_lines": 18, "excluded_lines": 0, "percent_statements_covered": 0.0, "percent_statements_covered_display": "0"}, "missing_lines": [163, 164, 173, 176, 177, 178, 179, 180, 182, 183, 184, 185, 186, 188, 189, 190, 192, 194], "excluded_lines": [], "start_line": 157}, "_build_frame_lookup": {"executed_lines": [204, 207, 208, 209, 210, 212, 213, 215, 217, 218, 219, 220], "summary": {"covered_lines": 12, "num_statements": 13, "percent_covered": 92.3076923076923, "percent_covered_display": "92", "missing_lines": 1, "excluded_lines": 0, "percent_statements_covered": 92.3076923076923, "percent_statements_covered_display": "92"}, "missing_lines": [205], "excluded_lines": [], "start_line": 197}, "_find_merge_candidates_python": {"executed_lines": [232, 234, 236, 237, 238, 239, 240, 242, 243, 244, 245, 247, 248, 251, 253, 254, 257, 258, 261, 265, 266, 267, 268, 271, 272, 275, 276, 277, 278, 280, 281, 283], "summary": {"covered_lines": 32, "num_statements": 33, "percent_covered": 96.96969696969697, "percent_covered_display": "97", "missing_lines": 1, "excluded_lines": 0, "percent_statements_covered": 96.96969696969697, "percent_statements_covered_display": "97"}, "missing_lines": [273], "excluded_lines": [], "start_line": 223}, "_compute_velocity_zscore_breaks": {"executed_lines": [], "summary": {"covered_lines": 0, "num_statements": 25, "percent_covered": 0.0, "percent_covered_display": "0", "missing_lines": 25, "excluded_lines": 0, "percent_statements_covered": 0.0, "percent_statements_covered_display": "0"}, "missing_lines": [322, 323, 325, 326, 329, 330, 333, 334, 338, 339, 342, 343, 346, 347, 351, 356, 357, 358, 360, 361, 366, 369, 374, 375, 377], "excluded_lines": [], "start_line": 291}, "process_trajectories_from_csv": {"executed_lines": [], "summary": {"covered_lines": 0, "num_statements": 142, "percent_covered": 0.0, "percent_covered_display": "0", "missing_lines": 142, "excluded_lines": 0, "percent_statements_covered": 0.0, "percent_statements_covered_display": "0"}, "missing_lines": [397, 398, 399, 401, 402, 404, 405, 406, 408, 410, 411, 416, 417, 421, 422, 425, 426, 427, 430, 431, 432, 433, 436, 438, 448, 449, 451, 452, 457, 458, 459, 462, 463, 466, 468, 471, 473, 476, 477, 480, 482, 485, 486, 487, 488, 490, 491, 493, 497, 498, 501, 502, 503, 504, 505, 509, 512, 513, 514, 516, 519, 522, 525, 526, 527, 532, 533, 535, 537, 540, 541, 543, 544, 545, 546, 547, 548, 549, 552, 553, 554, 555, 556, 558, 562, 563, 565, 566, 568, 569, 572, 575, 576, 577, 578, 580, 581, 583, 586, 587, 591, 594, 595, 596, 598, 600, 603, 604, 606, 607, 608, 609, 610, 611, 612, 615, 616, 617, 618, 619, 621, 623, 626, 627, 630, 631, 632, 633, 634, 635, 636, 638, 639, 641, 642, 643, 644, 646, 647, 649, 651, 652], "excluded_lines": [], "start_line": 380}, "process_trajectories": {"executed_lines": [], "summary": {"covered_lines": 0, "num_statements": 45, "percent_covered": 0.0, "percent_covered_display": "0", "missing_lines": 45, "excluded_lines": 0, "percent_statements_covered": 0.0, "percent_statements_covered_display": "0"}, "missing_lines": [671, 672, 673, 675, 676, 678, 679, 680, 682, 685, 686, 687, 688, 698, 699, 707, 709, 717, 718, 719, 724, 725, 726, 729, 730, 733, 736, 738, 741, 744, 752, 754, 757, 758, 759, 760, 761, 762, 765, 766, 767, 769, 772, 777, 778], "excluded_lines": [], "start_line": 655}, "resolve_trajectories": {"executed_lines": [809, 810, 813, 817, 818, 819, 821, 825, 831, 832, 833, 834, 835, 836, 837, 840, 841, 842, 843, 846, 847, 848, 851, 852, 854, 858, 863, 868, 869, 870, 871, 872, 876, 912, 916, 919, 920, 921, 924, 926, 927, 930, 931, 933, 939, 942, 945, 946, 947, 950, 951, 952, 960, 966, 974, 981, 982, 985, 986, 987, 988, 990, 992], "summary": {"covered_lines": 63, "num_statements": 80, "percent_covered": 78.75, "percent_covered_display": "79", "missing_lines": 17, "excluded_lines": 0, "percent_statements_covered": 78.75, "percent_statements_covered_display": "79"}, "missing_lines": [814, 859, 860, 864, 865, 866, 867, 877, 880, 883, 887, 889, 905, 906, 907, 908, 928], "excluded_lines": [], "start_line": 781}, "_conservative_merge": {"executed_lines": [1006, 1007, 1009, 1010, 1011, 1016, 1017, 1018, 1019, 1020, 1022, 1026, 1027, 1028, 1030, 1031, 1032, 1034, 1035, 1037, 1040, 1041, 1042, 1043, 1047, 1048, 1049, 1050, 1051, 1052, 1056, 1057, 1058, 1063, 1064, 1065, 1066, 1067, 1068, 1069, 1106, 1107, 1113, 1114, 1115, 1116, 1118, 1121, 1123], "summary": {"covered_lines": 49, "num_statements": 84, "percent_covered": 58.333333333333336, "percent_covered_display": "58", "missing_lines": 35, "excluded_lines": 0, "percent_statements_covered": 58.333333333333336, "percent_statements_covered_display": "58"}, "missing_lines": [1038, 1039, 1044, 1045, 1054, 1055, 1060, 1061, 1070, 1072, 1073, 1076, 1077, 1078, 1079, 1081, 1082, 1084, 1085, 1086, 1087, 1089, 1090, 1092, 1093, 1094, 1095, 1097, 1098, 1101, 1102, 1108, 1109, 1110, 1117], "excluded_lines": [], "start_line": 995}, "_conservative_merge._append_if_long": {"executed_lines": [1023, 1024], "summary": {"covered_lines": 2, "num_statements": 2, "percent_covered": 100.0, "percent_covered_display": "100", "missing_lines": 0, "excluded_lines": 0, "percent_statements_covered": 100.0, "percent_statements_covered_display": "100"}, "missing_lines": [], "excluded_lines": [], "start_line": 1022}, "_average_trajectory_rows": {"executed_lines": [1133, 1136, 1137, 1138, 1144, 1145, 1146, 1147, 1152, 1153, 1154, 1155, 1156, 1157, 1160, 1163, 1164, 1165, 1167, 1170, 1173, 1174, 1175, 1176, 1180], "summary": {"covered_lines": 25, "num_statements": 34, "percent_covered": 73.52941176470588, "percent_covered_display": "74", "missing_lines": 9, "excluded_lines": 0, "percent_statements_covered": 73.52941176470588, "percent_statements_covered_display": "74"}, "missing_lines": [1139, 1140, 1141, 1148, 1149, 1158, 1166, 1168, 1178], "excluded_lines": [], "start_line": 1126}, "_remove_spatially_redundant_trajectories": {"executed_lines": [1198, 1202, 1205, 1208, 1209, 1210, 1211, 1212, 1214, 1215, 1218, 1220, 1221, 1225, 1226, 1229, 1233, 1234, 1235, 1236, 1237, 1238, 1243, 1253, 1254, 1259], "summary": {"covered_lines": 26, "num_statements": 36, "percent_covered": 72.22222222222223, "percent_covered_display": "72", "missing_lines": 10, "excluded_lines": 0, "percent_statements_covered": 72.22222222222223, "percent_statements_covered_display": "72"}, "missing_lines": [1199, 1222, 1227, 1230, 1239, 1244, 1245, 1246, 1247, 1255], "excluded_lines": [], "start_line": 1183}, "_merge_overlapping_agreeing_trajectories_old": {"executed_lines": [], "summary": {"covered_lines": 0, "num_statements": 114, "percent_covered": 0.0, "percent_covered_display": "0", "missing_lines": 114, "excluded_lines": 0, "percent_statements_covered": 0.0, "percent_statements_covered_display": "0"}, "missing_lines": [1281, 1282, 1285, 1287, 1294, 1309, 1310, 1312, 1313, 1314, 1315, 1316, 1319, 1320, 1321, 1322, 1323, 1324, 1325, 1326, 1327, 1328, 1330, 1332, 1333, 1334, 1336, 1337, 1338, 1339, 1341, 1342, 1343, 1345, 1346, 1347, 1350, 1351, 1354, 1355, 1356, 1359, 1360, 1361, 1362, 1363, 1364, 1367, 1368, 1371, 1372, 1375, 1376, 1377, 1378, 1380, 1381, 1382, 1385, 1386, 1387, 1389, 1390, 1391, 1393, 1396, 1397, 1399, 1400, 1402, 1404, 1407, 1410, 1411, 1412, 1414, 1416, 1419, 1422, 1423, 1424, 1426, 1428, 1431, 1434, 1438, 1440, 1441, 1443, 1444, 1447, 1448, 1449, 1452, 1453, 1454, 1457, 1458, 1461, 1462, 1463, 1464, 1465, 1466, 1469, 1470, 1471, 1472, 1474, 1476, 1477, 1479, 1480, 1482], "excluded_lines": [], "start_line": 1262}, "_merge_overlapping_agreeing_trajectories_old.get_last_position": {"executed_lines": [], "summary": {"covered_lines": 0, "num_statements": 4, "percent_covered": 0.0, "percent_covered_display": "0", "missing_lines": 4, "excluded_lines": 0, "percent_statements_covered": 0.0, "percent_statements_covered_display": "0"}, "missing_lines": [1289, 1290, 1291, 1292], "excluded_lines": [], "start_line": 1287}, "_merge_overlapping_agreeing_trajectories_old.is_spatially_continuous": {"executed_lines": [], "summary": {"covered_lines": 0, "num_statements": 10, "percent_covered": 0.0, "percent_covered_display": "0", "missing_lines": 10, "excluded_lines": 0, "percent_statements_covered": 0.0, "percent_statements_covered_display": "0"}, "missing_lines": [1298, 1299, 1300, 1301, 1302, 1303, 1304, 1305, 1306, 1307], "excluded_lines": [], "start_line": 1294}, "_merge_overlapping_agreeing_trajectories": {"executed_lines": [1507, 1511, 1517, 1519, 1526, 1569, 1570, 1572, 1573, 1574, 1575, 1576, 1579, 1580, 1581, 1582, 1583, 1584, 1585, 1586, 1587, 1588, 1592, 1593, 1596, 1597, 1598, 1599, 1601, 1602, 1605, 1606, 1607, 1610, 1611, 1614, 1615, 1620, 1621, 1622, 1623, 1626, 1627, 1628, 1630, 1642, 1643, 1648, 1653, 1654, 1955, 1956, 1957, 1958, 1960, 1962, 1963, 1965, 1968], "summary": {"covered_lines": 59, "num_statements": 183, "percent_covered": 32.240437158469945, "percent_covered_display": "32", "missing_lines": 124, "excluded_lines": 0, "percent_statements_covered": 32.240437158469945, "percent_statements_covered_display": "32"}, "missing_lines": [1508, 1590, 1594, 1603, 1616, 1637, 1638, 1639, 1644, 1657, 1658, 1663, 1664, 1667, 1668, 1669, 1670, 1672, 1673, 1676, 1677, 1678, 1679, 1680, 1687, 1690, 1691, 1692, 1695, 1698, 16
[...]
, 148, 151, 152, 157, 160, 163, 165, 171, 174, 177, 178, 181, 183, 185, 186, 187, 188, 189, 190, 191, 192, 193, 194, 196], "summary": {"covered_lines": 44, "num_statements": 52, "percent_covered": 84.61538461538461, "percent_covered_display": "85", "missing_lines": 8, "excluded_lines": 0, "percent_statements_covered": 84.61538461538461, "percent_statements_covered_display": "85"}, "missing_lines": [102, 111, 112, 123, 154, 166, 169, 179], "excluded_lines": [], "start_line": 83}, "BatchOptimizer.get_device_info": {"executed_lines": [], "summary": {"covered_lines": 0, "num_statements": 3, "percent_covered": 0.0, "percent_covered_display": "0", "missing_lines": 3, "excluded_lines": 0, "percent_statements_covered": 0.0, "percent_statements_covered_display": "0"}, "missing_lines": [205, 206, 208], "excluded_lines": [], "start_line": 198}, "": {"executed_lines": [5, 7, 9, 12, 15, 27, 83, 198], "summary": {"covered_lines": 8, "num_statements": 8, "percent_covered": 100.0, "percent_covered_display": "100", "missing_lines": 0, "excluded_lines": 0, "percent_statements_covered": 100.0, "percent_statements_covered_display": "100"}, "missing_lines": [], "excluded_lines": [], "start_line": 1}}, "classes": {"BatchOptimizer": {"executed_lines": [22, 23, 24, 25, 101, 105, 106, 107, 110, 115, 116, 117, 119, 120, 121, 124, 125, 126, 130, 133, 144, 145, 146, 147, 148, 151, 152, 157, 160, 163, 165, 171, 174, 177, 178, 181, 183, 185, 186, 187, 188, 189, 190, 191, 192, 193, 194, 196], "summary": {"covered_lines": 48, "num_statements": 90, "percent_covered": 53.333333333333336, "percent_covered_display": "53", "missing_lines": 42, "excluded_lines": 0, "percent_statements_covered": 53.333333333333336, "percent_statements_covered_display": "53"}, "missing_lines": [34, 35, 36, 37, 38, 39, 41, 42, 43, 45, 46, 47, 48, 52, 53, 54, 57, 58, 60, 62, 63, 64, 65, 68, 70, 71, 76, 77, 78, 79, 81, 102, 111, 112, 123, 154, 166, 169, 179, 205, 206, 208], "excluded_lines": [], "start_line": 12}, "": {"executed_lines": [5, 7, 9, 12, 15, 27, 83, 198], "summary": {"covered_lines": 8, "num_statements": 8, "percent_covered": 100.0, "percent_covered_display": "100", "missing_lines": 0, "excluded_lines": 0, "percent_statements_covered": 100.0, "percent_statements_covered_display": "100"}, "missing_lines": [], "excluded_lines": [], "start_line": 1}}}, "src/multi_tracker/utils/frame_prefetcher.py": {"executed_lines": [9, 10, 11, 13, 15, 18, 39, 56, 68, 97, 118, 142, 147, 153, 161, 176], "summary": {"covered_lines": 16, "num_statements": 101, "percent_covered": 15.841584158415841, "percent_covered_display": "16", "missing_lines": 85, "excluded_lines": 0, "percent_statements_covered": 15.841584158415841, "percent_statements_covered_display": "16"}, "missing_lines": [48, 49, 50, 51, 52, 53, 54, 58, 59, 60, 62, 63, 64, 65, 66, 70, 71, 73, 77, 78, 79, 81, 84, 85, 87, 89, 90, 92, 93, 94, 95, 106, 107, 109, 111, 112, 113, 115, 116, 120, 121, 123, 124, 127, 128, 129, 130, 133, 134, 135, 136, 137, 139, 140, 144, 145, 149, 150, 170, 171, 172, 173, 174, 178, 179, 181, 182, 185, 186, 187, 188, 190, 191, 197, 200, 201, 202, 203, 205, 206, 207, 210, 211, 212, 213], "excluded_lines": [], "functions": {"FramePrefetcher.__init__": {"executed_lines": [], "summary": {"covered_lines": 0, "num_statements": 7, "percent_covered": 0.0, "percent_covered_display": "0", "missing_lines": 7, "excluded_lines": 0, "percent_statements_covered": 0.0, "percent_statements_covered_display": "0"}, "missing_lines": [48, 49, 50, 51, 52, 53, 54], "excluded_lines": [], "start_line": 39}, "FramePrefetcher.start": {"executed_lines": [], "summary": {"covered_lines": 0, "num_statements": 8, "percent_covered": 0.0, "percent_covered_display": "0", "missing_lines": 8, "excluded_lines": 0, "percent_statements_covered": 0.0, "percent_statements_covered_display": "0"}, "missing_lines": [58, 59, 60, 62, 63, 64, 65, 66], "excluded_lines": [], "start_line": 56}, "FramePrefetcher._prefetch_loop": {"executed_lines": [], "summary": {"covered_lines": 0, "num_statements": 16, "percent_covered": 0.0, "percent_covered_display": "0", "missing_lines": 16, "excluded_lines": 0, "percent_statements_covered": 0.0, "percent_statements_covered_display": "0"}, "missing_lines": [70, 71, 73, 77, 78, 79, 81, 84, 85, 87, 89, 90, 92, 93, 94, 95], "excluded_lines": [], "start_line": 68}, "FramePrefetcher.read": {"executed_lines": [], "summary": {"covered_lines": 0, "num_statements": 8, "percent_covered": 0.0, "percent_covered_display": "0", "missing_lines": 8, "excluded_lines": 0, "percent_statements_covered": 0.0, "percent_statements_covered_display": "0"}, "missing_lines": [106, 107, 109, 111, 112, 113, 115, 116], "excluded_lines": [], "start_line": 97}, "FramePrefetcher.stop": {"executed_lines": [], "summary": {"covered_lines": 0, "num_statements": 15, "percent_covered": 0.0, "percent_covered_display": "0", "missing_lines": 15, "excluded_lines": 0, "percent_statements_covered": 0.0, "percent_statements_covered_display": "0"}, "missing_lines": [120, 121, 123, 124, 127, 128, 129, 130, 133, 134, 135, 136, 137, 139, 140], "excluded_lines": [], "start_line": 118}, "FramePrefetcher.__enter__": {"executed_lines": [], "summary": {"covered_lines": 0, "num_statements": 2, "percent_covered": 0.0, "percent_covered_display": "0", "missing_lines": 2, "excluded_lines": 0, "percent_statements_covered": 0.0, "percent_statements_covered_display": "0"}, "missing_lines": [144, 145], "excluded_lines": [], "start_line": 142}, "FramePrefetcher.__exit__": {"executed_lines": [], "summary": {"covered_lines": 0, "num_statements": 2, "percent_covered": 0.0, "percent_covered_display": "0", "missing_lines": 2, "excluded_lines": 0, "percent_statements_covered": 0.0, "percent_statements_covered_display": "0"}, "missing_lines": [149, 150], "excluded_lines": [], "start_line": 147}, "FramePrefetcherBackward.__init__": {"executed_lines": [], "summary": {"covered_lines": 0, "num_statements": 5, "percent_covered": 0.0, "percent_covered_display": "0", "missing_lines": 5, "excluded_lines": 0, "percent_statements_covered": 0.0, "percent_statements_covered_display": "0"}, "missing_lines": [170, 171, 172, 173, 174], "excluded_lines": [], "start_line": 161}, "FramePrefetcherBackward._prefetch_loop": {"executed_lines": [], "summary": {"covered_lines": 0, "num_statements": 22, "percent_covered": 0.0, "percent_covered_display": "0", "missing_lines": 22, "excluded_lines": 0, "percent_statements_covered": 0.0, "percent_statements_covered_display": "0"}, "missing_lines": [178, 179, 181, 182, 185, 186, 187, 188, 190, 191, 197, 200, 201, 202, 203, 205, 206, 207, 210, 211, 212, 213], "excluded_lines": [], "start_line": 176}, "": {"executed_lines": [9, 10, 11, 13, 15, 18, 39, 56, 68, 97, 118, 142, 147, 153, 161, 176], "summary": {"covered_lines": 16, "num_statements": 16, "percent_covered": 100.0, "percent_covered_display": "100", "missing_lines": 0, "excluded_lines": 0, "percent_statements_covered": 100.0, "percent_statements_covered_display": "100"}, "missing_lines": [], "excluded_lines": [], "start_line": 1}}, "classes": {"FramePrefetcher": {"executed_lines": [], "summary": {"covered_lines": 0, "num_statements": 58, "percent_covered": 0.0, "percent_covered_display": "0", "missing_lines": 58, "excluded_lines": 0, "percent_statements_covered": 0.0, "percent_statements_covered_display": "0"}, "missing_lines": [48, 49, 50, 51, 52, 53, 54, 58, 59, 60, 62, 63, 64, 65, 66, 70, 71, 73, 77, 78, 79, 81, 84, 85, 87, 89, 90, 92, 93, 94, 95, 106, 107, 109, 111, 112, 113, 115, 116, 120, 121, 123, 124, 127, 128, 129, 130, 133, 134, 135, 136, 137, 139, 140, 144, 145, 149, 150], "excluded_lines": [], "start_line": 18}, "FramePrefetcherBackward": {"executed_lines": [], "summary": {"covered_lines": 0, "num_statements": 27, "percent_covered": 0.0, "percent_covered_display": "0", "missing_lines": 27, "excluded_lines": 0, "percent_statements_covered": 0.0, "percent_statements_covered_display": "0"}, "missing_lines": [170, 171, 172, 173, 174, 178, 179, 181, 182, 185, 186, 187, 188, 190, 191, 197, 200, 201, 202, 203, 205, 206, 207, 210, 211, 212, 213], "excluded_lines": [], "start_line": 153}, "": {"executed_lines": [9, 10, 11, 13, 15, 18, 39, 56, 68, 97, 118, 142, 147, 153, 161, 176], "summary": {"covered_lines": 16, "num_statements": 16, "percent_covered": 100.0, "percent_covered_display": "100", "missing_lines": 0, "excluded_lines": 0, "percent_statements_covered": 100.0, "percent_statements_covered_display": "100"}, "missing_lines": [], "excluded_lines": [], "start_line": 1}}}, "src/multi_tracker/utils/geometry.py": {"executed_lines": [5, 8, 53], "summary": {"covered_lines": 3, "num_statements": 20, "percent_covered": 15.0, "percent_covered_display": "15", "missing_lines": 17, "excluded_lines": 0, "percent_statements_covered": 15.0, "percent_statements_covered_display": "15"}, "missing_lines": [20, 21, 23, 25, 26, 33, 34, 37, 38, 41, 44, 45, 47, 49, 50, 66, 67], "excluded_lines": [], "functions": {"fit_circle_to_points": {"executed_lines": [], "summary": {"covered_lines": 0, "num_statements": 15, "percent_covered": 0.0, "percent_covered_display": "0", "missing_lines": 15, "excluded_lines": 0, "percent_statements_covered": 0.0, "percent_statements_covered_display": "0"}, "missing_lines": [20, 21, 23, 25, 26, 33, 34, 37, 38, 41, 44, 45, 47, 49, 50], "excluded_lines": [], "start_line": 8}, "wrap_angle_degs": {"executed_lines": [], "summary": {"covered_lines": 0, "num_statements": 2, "percent_covered": 0.0, "percent_covered_display": "0", "missing_lines": 2, "excluded_lines": 0, "percent_statements_covered": 0.0, "percent_statements_covered_display": "0"}, "missing_lines": [66, 67], "excluded_lines": [], "start_line": 53}, "": {"executed_lines": [5, 8, 53], "summary": {"covered_lines": 3, "num_statements": 3, "percent_covered": 100.0, "percent_covered_display": "100", "missing_lines": 0, "excluded_lines": 0, "percent_statements_covered": 100.0, "percent_statements_covered_display": "100"}, "missing_lines": [], "excluded_lines": [], "start_line": 1}}, "classes": {"": {"executed_lines": [5, 8, 53], "summary": {"covered_lines": 3, "num_statements": 20, "percent_covered": 15.0, "percent_covered_display": "15", "missing_lines": 17, "excluded_lines": 0, "percent_statements_covered": 15.0, "percent_statements_covered_display": "15"}, "missing_lines": [20, 21, 23, 25, 26, 33, 34, 37, 38, 41, 44, 45, 47, 49, 50, 66, 67], "excluded_lines": [], "start_line": 1}}}, "src/multi_tracker/utils/gpu_utils.py": {"executed_lines": [14, 16, 19, 20, 30, 31, 32, 33, 34, 37, 38, 39, 41, 42, 43, 46, 47, 66, 67, 69, 76, 77, 80, 81, 82, 85, 86, 89, 164, 219, 252], "summary": {"covered_lines": 31, "num_statements": 145, "percent_covered": 21.379310344827587, "percent_covered_display": "21", "missing_lines": 114, "excluded_lines": 0, "percent_statements_covered": 21.379310344827587, "percent_statements_covered_display": "21"}, "missing_lines": [21, 23, 25, 26, 27, 28, 29, 48, 50, 51, 52, 53, 54, 55, 57, 58, 59, 60, 61, 62, 63, 70, 71, 72, 73, 79, 96, 109, 110, 111, 112, 113, 115, 116, 117, 118, 119, 121, 122, 123, 125, 126, 127, 129, 130, 131, 132, 133, 136, 137, 138, 139, 140, 141, 143, 144, 146, 147, 148, 149, 152, 153, 154, 155, 157, 158, 159, 161, 166, 168, 169, 170, 172, 173, 174, 175, 177, 179, 180, 182, 184, 185, 186, 187, 188, 189, 190, 191, 193, 195, 197, 198, 199, 200, 202, 204, 205, 207, 209, 210, 211, 212, 213, 215, 216, 232, 233, 236, 237, 240, 241, 244, 245, 248], "excluded_lines": [], "functions": {"get_device_info": {"executed_lines": [], "summary": {"covered_lines": 0, "num_statements": 42, "percent_covered": 0.0, "percent_covered_display": "0", "missing_lines": 42, "excluded_lines": 0, "percent_statements_covered": 0.0, "percent_statements_covered_display": "0"}, "missing_lines": [96, 109, 110, 111, 112, 113, 115, 116, 117, 118, 119, 121, 122, 123, 125, 126, 127, 129, 130, 131, 132, 133, 136, 137, 138, 139, 140, 141, 143, 144, 146, 147, 148, 149, 152, 153, 154, 155, 157, 158, 159, 161], "excluded_lines": [], "start_line": 89}, "log_device_info": {"executed_lines": [], "summary": {"covered_lines": 0, "num_statements": 37, "percent_covered": 0.0, "percent_covered_display": "0", "missing_lines": 37, "excluded_lines": 0, "percent_statements_covered": 0.0, "percent_statements_covered_display": "0"}, "missing_lines": [166, 168, 169, 170, 172, 173, 174, 175, 177, 179, 180, 182, 184, 185, 186, 187, 188, 189, 190, 191, 193, 195, 197, 198, 199, 200, 202, 204, 205, 207, 209, 210, 211, 212, 213, 215, 216], "excluded_lines": [], "start_line": 164}, "get_optimal_device": {"executed_lines": [], "summary": {"covered_lines": 0, "num_statements": 9, "percent_covered": 0.0, "percent_covered_display": "0", "missing_lines": 9, "excluded_lines": 0, "percent_statements_covered": 0.0, "percent_statements_covered_display": "0"}, "missing_lines": [232, 233, 236, 237, 240, 241, 244, 245, 248], "excluded_lines": [], "start_line": 219}, "": {"executed_lines": [14, 16, 19, 20, 30, 31, 32, 33, 34, 37, 38, 39, 41, 42, 43, 46, 47, 66, 67, 69, 76, 77, 80, 81, 82, 85, 86, 89, 164, 219, 252], "summary": {"covered_lines": 31, "num_statements": 57, "percent_covered": 54.3859649122807, "percent_covered_display": "54", "missing_lines": 26, "excluded_lines": 0, "percent_statements_covered": 54.3859649122807, "percent_statements_covered_display": "54"}, "missing_lines": [21, 23, 25, 26, 27, 28, 29, 48, 50, 51, 52, 53, 54, 55, 57, 58, 59, 60, 61, 62, 63, 70, 71, 72, 73, 79], "excluded_lines": [], "start_line": 1}}, "classes": {"": {"executed_lines": [14, 16, 19, 20, 30, 31, 32, 33, 34, 37, 38, 39, 41, 42, 43, 46, 47, 66, 67, 69, 76, 77, 80, 81, 82, 85, 86, 89, 164, 219, 252], "summary": {"covered_lines": 31, "num_statements": 145, "percent_covered": 21.379310344827587, "percent_covered_display": "21", "missing_lines": 114, "excluded_lines": 0, "percent_statements_covered": 21.379310344827587, "percent_statements_covered_display": "21"}, "missing_lines": [21, 23, 25, 26, 27, 28, 29, 48, 50, 51, 52, 53, 54, 55, 57, 58, 59, 60, 61, 62, 63, 70, 71, 72, 73, 79, 96, 109, 110, 111, 112, 113, 115, 116, 117, 118, 119, 121, 122, 123, 125, 126, 127, 129, 130, 131, 132, 133, 136, 137, 138, 139, 140, 141, 143, 144, 146, 147, 148, 149, 152, 153, 154, 155, 157, 158, 159, 161, 166, 168, 169, 170, 172, 173, 174, 175, 177, 179, 180, 182, 184, 185, 186, 187, 188, 189, 190, 191, 193, 195, 197, 198, 199, 200, 202, 204, 205, 207, 209, 210, 211, 212, 213, 215, 216, 232, 233, 236, 237, 240, 241, 244, 245, 248], "excluded_lines": [], "start_line": 1}}}, "src/multi_tracker/utils/image_processing.py": {"executed_lines": [7, 9, 10, 12, 15, 16, 31, 33, 34, 43, 44, 55, 113, 115, 116, 143, 274], "summary": {"covered_lines": 17, "num_statements": 121, "percent_covered": 14.049586776859504, "percent_covered_display": "14", "missing_lines": 104, "excluded_lines": 0, "percent_statements_covered": 14.049586776859504, "percent_statements_covered_display": "14"}, "missing_lines": [23, 24, 25, 26, 27, 28, 36, 37, 38, 39, 40, 41, 46, 47, 48, 49, 50, 51, 52, 87, 88, 91, 94, 96, 97, 98, 100, 103, 106, 107, 108, 110, 119, 120, 121, 122, 123, 124, 127, 128, 131, 132, 133, 134, 135, 136, 138, 139, 140, 181, 182, 185, 186, 189, 190, 191, 192, 193, 194, 195, 197, 198, 200, 201, 202, 204, 206, 209, 210, 213, 214, 216, 219, 220, 221, 223, 224, 229, 232, 233, 234, 236, 237, 242, 243, 245, 246, 247, 250, 251, 253, 254, 255, 259, 261, 264, 265, 266, 267, 269, 271, 287, 289, 290], "excluded_lines": [], "functions": {"_create_gamma_lut": {"executed_lines": [], "summary": {"covered_lines": 0, "num_statements": 6, "percent_covered": 0.0, "percent_covered_display": "0", "missing_lines": 6, "excluded_lines": 0, "percent_statements_covered": 0.0, "percent_statements_covered_display": "0"}, "missing_lines": [23, 24, 25, 26, 27, 28], "excluded_lines": [], "start_line": 16}, "_apply_brightness_contrast_numba": {"executed_lines": [], "summary": {"covered_lines": 0, "num_statements": 6, "percent_covered": 0.0, "percent_covered_display": "0", "missing_lines": 6, "excluded_lines": 0, "percent_statements_covered": 0.0, "percent_statements_covered_display": "0"}, "missing_lines": [36, 37, 38, 39, 40, 41], "excluded_lines": [], "start_line": 34}, "_compute_percentiles_numba": {"executed_lines": [], "summary": {"covered_lines": 0, "num_statements": 7, "percent_covered": 0.0, "percent_covered_display": "0", "missing_lines": 7, "excluded_lines": 0, "percent_statements_covered": 0.0, "percent_statements_covered_display": "0"}, "missing_lines": [46, 47, 48, 49, 50, 51, 52], "excluded_lines": [], "start_line": 44}, "apply_image_adjustments": {"executed_lines": [], "summary": {"covered_lines": 0, "num_statements": 13, "percent_covered": 0.0, "percent_covered_display": "0", "missing_lines": 13, "excluded_lines": 0, "percent_statements_covered": 0.0, "percent_statements_covered_display": "0"}, "missing_lines": [87, 88, 91, 94, 96, 97, 98, 100, 103, 106, 107, 108, 110], "excluded_lines": [], "start_line": 55}, "_calculate_robust_mean_numba": {"executed_lines": [], "summary": {"covered_lines": 0, "num_statements": 17, "percent_covered": 0.0, "percent_covered_display": "0", "missing_lines": 17, "excluded_lines": 0, "percent_statements_covered": 0.0, "percent_statements_covered_display": "0"}, "missing_lines": [119, 120, 121, 122, 123, 124, 127, 128, 131, 132, 133, 134, 135, 136, 138, 139, 140], "excluded_lines": [], "start_line": 116}, "stabilize_lighting": {"executed_lines": [], "summary": {"covered_lines": 0, "num_statements": 52, "percent_covered": 0.0, "percent_covered_display": "0", "missing_lines": 52, "excluded_lines": 0, "percent_statements_covered": 0.0, "percent_statements_covered_display": "0"}, "missing_lines": [181, 182, 185, 186, 189, 190, 191, 192, 193, 194, 195, 197, 198, 200, 201, 202, 204, 206, 209, 210, 213, 214, 216, 219, 220, 221, 223, 224, 229, 232, 233, 234, 236, 237, 242, 243, 245, 246, 247, 250, 251, 253, 254, 255, 259, 261, 264, 265, 266, 267, 269, 271], "excluded_lines": [], "start_line": 143}, "compute_median_color_from_frame": {"executed_lines": [], "summary": {"covered_lines": 0, "num_statements": 3, "percent_covered": 0.0, "percent_covered_display": "0", "missing_lines": 3, "excluded_lines": 0, "percent_statements_covered": 0.0, "percent_statements_covered_display": "0"}, "missing_lines": [287, 289, 290], "excluded_lines": [], "start_line": 274}, "": {"executed_lines": [7, 9, 10, 12, 15, 16, 31, 33, 34, 43, 44, 55, 113, 115, 116, 143, 274], "summary": {"covered_lines": 17, "num_statements": 17, "percent_covered": 100.0, "percent_covered_display": "100", "missing_lines": 0, "excluded_lines": 0, "percent_statements_covered": 100.0, "percent_statements_covered_display": "100"}, "missing_lines": [], "excluded_lines": [], "start_line": 1}}, "classes": {"": {"executed_lines": [7, 9, 10, 12, 15, 16, 31, 33, 34, 43, 44, 55, 113, 115, 116, 143, 274], "summary": {"covered_lines": 17, "num_statements": 121, "percent_covered": 14.049586776859504, "percent_covered_display": "14", "missing_lines": 104, "excluded_lines": 0, "percent_statements_covered": 14.049586776859504, "percent_statements_covered_display": "14"}, "missing_lines": [23, 24, 25, 26, 27, 28, 36, 37, 38, 39, 40, 41, 46, 47, 48, 49, 50, 51, 52, 87, 88, 91, 94, 96, 97, 98, 100, 103, 106, 107, 108, 110, 119, 120, 121, 122, 123, 124, 127, 128, 131, 132, 133, 134, 135, 136, 138, 139, 140, 181, 182, 185, 186, 189, 190, 191, 192, 193, 194, 195, 197, 198, 200, 201, 202, 204, 206, 209, 210, 213, 214, 216, 219, 220, 221, 223, 224, 229, 232, 233, 234, 236, 237, 242, 243, 245, 246, 247, 250, 251, 253, 254, 255, 259, 261, 264, 265, 266, 267, 269, 271, 287, 289, 290], "excluded_lines": [], "start_line": 1}}}}, "totals": {"covered_lines": 1616, "num_statements": 20478, "percent_covered": 7.89139564410587, "percent_covered_display": "8", "missing_lines": 18862, "excluded_lines": 12, "percent_statements_covered": 7.89139564410587, "percent_statements_covered_display": "8"}}
